[2018-08-07 14:45:55:312] 开始脚本
[2018-08-07 14:45:55:881] 导航规划失败 -920.242798,989.385193,321.184631
[2018-08-07 14:45:55:981] 导航规划失败 -920.242798,989.385193,321.184631
[2018-08-07 14:45:56:217] 导航规划失败 -920.242798,989.385193,321.184631
[2018-08-07 14:45:56:417] 退出脚本线程！
[2018-08-07 14:45:56:418] 等待脚本线程关闭
[2018-08-07 14:45:56:451] 脚本线程已退出
[2018-08-07 14:45:56:517] 监控线程已退出
[2018-08-07 14:45:57:417] 等待LUA线程关闭
[2018-08-07 14:45:57:418] 脚本线程已关闭
[2018-08-07 14:45:57:450] 脚本已停止
[2018-08-07 14:45:57:484] 退出登录线程！
[2018-08-07 14:46:01:580] 收到GM密语:123
[2018-08-07 14:46:01:603] 答案:
[2018-08-07 14:49:56:295] 开始脚本
[2018-08-07 14:49:56:495] 导航规划失败 -920.242798,989.385193,321.184631
[2018-08-07 14:49:56:595] 导航规划失败 -920.242798,989.385193,321.184631
[2018-08-07 14:49:56:995] 导航规划失败 -920.242798,989.385193,321.184631
[2018-08-07 14:49:57:362] 导航规划失败 -920.242798,989.385193,321.184631
[2018-08-07 14:49:57:365] GM密语检测已开启
[2018-08-07 14:49:57:578] 导航规划失败 -920.242798,989.385193,321.184631
[2018-08-07 14:49:57:844] 导航规划失败 -920.242798,989.385193,321.184631
[2018-08-07 14:49:58:210] 导航规划失败 -920.242798,989.385193,321.184631
[2018-08-07 14:49:58:577] 导航规划失败 -920.242798,989.385193,321.184631
[2018-08-07 14:49:58:910] 导航规划失败 -920.242798,989.385193,321.184631
[2018-08-07 14:49:59:036] 导航规划失败 -920.242798,989.385193,321.184631
[2018-08-07 14:49:59:392] 导航规划失败 -920.242798,989.385193,321.184631
[2018-08-07 14:49:59:692] 导航规划失败 -920.242798,989.385193,321.184631
[2018-08-07 14:49:59:958] 导航规划失败 -920.242798,989.385193,321.184631
[2018-08-07 14:50:00:092] 导航规划失败 -920.242798,989.385193,321.184631
[2018-08-07 14:50:00:258] 导航规划失败 -920.242798,989.385193,321.184631
[2018-08-07 14:50:00:458] 导航规划失败 -920.242798,989.385193,321.184631
[2018-08-07 14:50:00:765] 导航规划失败 -920.242798,989.385193,321.184631
[2018-08-07 14:50:00:965] 导航规划失败 -920.242798,989.385193,321.184631
[2018-08-07 14:50:01:032] 导航规划失败 -920.242798,989.385193,321.184631
[2018-08-07 14:50:01:199] 导航规划失败 -920.242798,989.385193,321.184631
[2018-08-07 14:50:01:365] 导航规划失败 -920.242798,989.385193,321.184631
[2018-08-07 14:50:01:565] 导航规划失败 -920.242798,989.385193,321.184631
[2018-08-07 14:50:01:832] 导航规划失败 -920.242798,989.385193,321.184631
[2018-08-07 14:50:01:866] 收到GM密语:123
[2018-08-07 14:50:01:872] 答案:
[2018-08-07 14:50:02:041] 导航规划失败 -920.242798,989.385193,321.184631
[2018-08-07 14:50:02:308] 导航规划失败 -920.242798,989.385193,321.184631
[2018-08-07 14:50:02:508] 导航规划失败 -920.242798,989.385193,321.184631
[2018-08-07 14:50:02:642] 导航规划失败 -920.242798,989.385193,321.184631
[2018-08-07 14:50:02:875] 导航规划失败 -920.242798,989.385193,321.184631
[2018-08-07 14:50:03:108] 导航规划失败 -920.242798,989.385193,321.184631
[2018-08-07 14:50:03:275] 导航规划失败 -920.242798,989.385193,321.184631
[2018-08-07 14:50:03:514] 导航规划失败 -920.242798,989.385193,321.184631
[2018-08-07 14:50:03:817] 导航规划失败 -920.242798,989.385193,321.184631
[2018-08-07 14:50:04:084] 导航规划失败 -920.242798,989.385193,321.184631
[2018-08-07 14:50:04:251] 导航规划失败 -920.242798,989.385193,321.184631
[2018-08-07 14:50:04:617] 导航规划失败 -920.242798,989.385193,321.184631
[2018-08-07 14:50:05:051] 导航规划失败 -920.242798,989.385193,321.184631
[2018-08-07 14:50:05:318] 导航规划失败 -920.242798,989.385193,321.184631
[2018-08-07 14:50:05:651] 导航规划失败 -920.242798,989.385193,321.184631
[2018-08-07 14:50:06:051] 导航规划失败 -920.242798,989.385193,321.184631
[2018-08-07 14:50:06:387] 导航规划失败 -920.242798,989.385193,321.184631
[2018-08-07 14:50:06:620] 导航规划失败 -920.242798,989.385193,321.184631
[2018-08-07 14:50:06:993] 导航规划失败 -920.242798,989.385193,321.184631
[2018-08-07 14:50:07:426] 导航规划失败 -920.242798,989.385193,321.184631
[2018-08-07 14:50:07:528] 导航规划失败 -920.242798,989.385193,321.184631
[2018-08-07 14:50:07:728] 导航规划失败 -920.242798,989.385193,321.184631
[2018-08-07 14:50:07:928] 导航规划失败 -920.242798,989.385193,321.184631
[2018-08-07 14:50:08:128] 导航规划失败 -920.242798,989.385193,321.184631
[2018-08-07 14:50:08:361] 导航规划失败 -920.242798,989.385193,321.184631
[2018-08-07 14:50:08:528] 导航规划失败 -920.242798,989.385193,321.184631
[2018-08-07 14:50:08:694] 导航规划失败 -920.242798,989.385193,321.184631
[2018-08-07 14:50:09:085] 导航规划失败 -920.242798,989.385193,321.184631
[2018-08-07 14:50:09:518] 导航规划失败 -920.242798,989.385193,321.184631
[2018-08-07 14:50:09:652] 导航规划失败 -920.242798,989.385193,321.184631
[2018-08-07 14:50:09:985] 导航规划失败 -920.242798,989.385193,321.184631
[2018-08-07 14:50:10:321] 导航规划失败 -920.242798,989.385193,321.184631
[2018-08-07 14:50:10:621] 导航规划失败 -920.242798,989.385193,321.184631
[2018-08-07 14:50:10:821] 导航规划失败 -920.242798,989.385193,321.184631
[2018-08-07 14:50:11:154] 导航规划失败 -920.242798,989.385193,321.184631
[2018-08-07 14:50:11:521] 导航规划失败 -920.242798,989.385193,321.184631
[2018-08-07 14:50:11:788] 导航规划失败 -920.242798,989.385193,321.184631
[2018-08-07 14:50:12:188] 导航规划失败 -920.242798,989.385193,321.184631
[2018-08-07 14:50:12:498] 导航规划失败 -920.242798,989.385193,321.184631
[2018-08-07 14:50:12:698] 导航规划失败 -920.242798,989.385193,321.184631
[2018-08-07 14:50:12:832] 导航规划失败 -920.242798,989.385193,321.184631
[2018-08-07 14:50:13:165] 导航规划失败 -920.242798,989.385193,321.184631
[2018-08-07 14:50:13:365] 导航规划失败 -920.242798,989.385193,321.184631
[2018-08-07 14:50:13:732] 导航规划失败 -920.242798,989.385193,321.184631
[2018-08-07 14:50:13:898] 导航规划失败 -920.242798,989.385193,321.184631
[2018-08-07 14:50:14:198] 导航规划失败 -920.242798,989.385193,321.184631
[2018-08-07 14:50:14:536] 导航规划失败 -920.242798,989.385193,321.184631
[2018-08-07 14:50:14:836] 导航规划失败 -920.242798,989.385193,321.184631
[2018-08-07 14:50:14:984] 导航规划失败 -920.242798,989.385193,321.184631
[2018-08-07 14:50:15:355] 导航规划失败 -920.242798,989.385193,321.184631
[2018-08-07 14:50:15:755] 导航规划失败 -920.242798,989.385193,321.184631
[2018-08-07 14:50:15:955] 导航规划失败 -920.242798,989.385193,321.184631
[2018-08-07 14:50:16:222] 导航规划失败 -920.242798,989.385193,321.184631
[2018-08-07 14:50:16:488] 导航规划失败 -920.242798,989.385193,321.184631
[2018-08-07 14:50:16:855] 导航规划失败 -920.242798,989.385193,321.184631
[2018-08-07 14:50:17:055] 导航规划失败 -920.242798,989.385193,321.184631
[2018-08-07 14:50:17:389] 导航规划失败 -920.242798,989.385193,321.184631
[2018-08-07 14:50:17:798] 导航规划失败 -920.242798,989.385193,321.184631
[2018-08-07 14:50:18:118] 导航规划失败 -920.242798,989.385193,321.184631
[2018-08-07 14:50:18:284] 导航规划失败 -920.242798,989.385193,321.184631
[2018-08-07 14:50:18:584] 导航规划失败 -920.242798,989.385193,321.184631
[2018-08-07 14:50:18:951] 导航规划失败 -920.242798,989.385193,321.184631
[2018-08-07 14:50:19:218] 导航规划失败 -920.242798,989.385193,321.184631
[2018-08-07 14:50:19:384] 导航规划失败 -920.242798,989.385193,321.184631
[2018-08-07 14:50:19:651] 导航规划失败 -920.242798,989.385193,321.184631
[2018-08-07 14:50:19:989] 导航规划失败 -920.242798,989.385193,321.184631
[2018-08-07 14:50:20:256] 导航规划失败 -920.242798,989.385193,321.184631
[2018-08-07 14:50:20:372] 导航规划失败 -920.242798,989.385193,321.184631
[2018-08-07 14:50:20:772] 导航规划失败 -920.242798,989.385193,321.184631
[2018-08-07 14:50:21:106] 导航规划失败 -920.242798,989.385193,321.184631
[2018-08-07 14:50:21:372] 导航规划失败 -920.242798,989.385193,321.184631
[2018-08-07 14:50:21:606] 导航规划失败 -920.242798,989.385193,321.184631
[2018-08-07 14:50:21:907] 导航规划失败 -920.242798,989.385193,321.184631
[2018-08-07 14:50:22:315] 导航规划失败 -920.242798,989.385193,321.184631
[2018-08-07 14:50:22:482] 导航规划失败 -920.242798,989.385193,321.184631
[2018-08-07 14:50:22:927] 导航规划失败 -920.242798,989.385193,321.184631
[2018-08-07 14:50:23:327] 导航规划失败 -920.242798,989.385193,321.184631
[2018-08-07 14:50:23:560] 导航规划失败 -920.242798,989.385193,321.184631
[2018-08-07 14:50:23:960] 导航规划失败 -920.242798,989.385193,321.184631
[2018-08-07 14:50:24:393] 导航规划失败 -920.242798,989.385193,321.184631
[2018-08-07 14:50:24:660] 导航规划失败 -920.242798,989.385193,321.184631
[2018-08-07 14:50:25:060] 导航规划失败 -920.242798,989.385193,321.184631
[2018-08-07 14:50:25:396] 导航规划失败 -920.242798,989.385193,321.184631
[2018-08-07 14:50:25:730] 导航规划失败 -920.242798,989.385193,321.184631
[2018-08-07 14:50:25:929] 导航规划失败 -920.242798,989.385193,321.184631
[2018-08-07 14:50:26:308] 导航规划失败 -920.242798,989.385193,321.184631
[2018-08-07 14:50:26:741] 导航规划失败 -920.242798,989.385193,321.184631
[2018-08-07 14:50:26:841] 导航规划失败 -920.242798,989.385193,321.184631
[2018-08-07 14:50:27:175] 导航规划失败 -920.242798,989.385193,321.184631
[2018-08-07 14:50:27:508] 导航规划失败 -920.242798,989.385193,321.184631
[2018-08-07 14:50:27:842] 导航规划失败 -920.242798,989.385193,321.184631
[2018-08-07 14:50:28:078] 导航规划失败 -920.242798,989.385193,321.184631
[2018-08-07 14:50:28:445] 导航规划失败 -920.242798,989.385193,321.184631
[2018-08-07 14:50:28:845] 导航规划失败 -920.242798,989.385193,321.184631
[2018-08-07 14:50:29:045] 导航规划失败 -920.242798,989.385193,321.184631
[2018-08-07 14:50:29:378] 导航规划失败 -920.242798,989.385193,321.184631
[2018-08-07 14:50:29:791] 导航规划失败 -920.242798,989.385193,321.184631
[2018-08-07 14:50:30:105] 导航规划失败 -920.242798,989.385193,321.184631
[2018-08-07 14:50:30:305] 导航规划失败 -920.242798,989.385193,321.184631
[2018-08-07 14:50:30:707] 导航规划失败 -920.242798,989.385193,321.184631
[2018-08-07 14:50:31:144] 导航规划失败 -920.242798,989.385193,321.184631
[2018-08-07 14:50:31:344] 导航规划失败 -920.242798,989.385193,321.184631
[2018-08-07 14:50:31:744] 导航规划失败 -920.242798,989.385193,321.184631
[2018-08-07 14:50:32:106] 导航规划失败 -920.242798,989.385193,321.184631
[2018-08-07 14:50:32:240] 导航规划失败 -920.242798,989.385193,321.184631
[2018-08-07 14:50:32:606] 导航规划失败 -920.242798,989.385193,321.184631
[2018-08-07 14:50:33:054] 导航规划失败 -920.242798,989.385193,321.184631
[2018-08-07 14:50:33:295] 导航规划失败 -920.242798,989.385193,321.184631
[2018-08-07 14:50:33:562] 导航规划失败 -920.242798,989.385193,321.184631
[2018-08-07 14:50:33:935] 导航规划失败 -920.242798,989.385193,321.184631
[2018-08-07 14:50:34:235] 导航规划失败 -920.242798,989.385193,321.184631
[2018-08-07 14:50:34:435] 导航规划失败 -920.242798,989.385193,321.184631
[2018-08-07 14:50:34:709] 导航规划失败 -920.242798,989.385193,321.184631
[2018-08-07 14:50:34:942] 导航规划失败 -920.242798,989.385193,321.184631
[2018-08-07 14:50:35:309] 导航规划失败 -920.242798,989.385193,321.184631
[2018-08-07 14:50:35:442] 导航规划失败 -920.242798,989.385193,321.184631
[2018-08-07 14:50:35:642] 导航规划失败 -920.242798,989.385193,321.184631
[2018-08-07 14:50:35:809] 导航规划失败 -920.242798,989.385193,321.184631
[2018-08-07 14:50:36:009] 导航规划失败 -920.242798,989.385193,321.184631
[2018-08-07 14:50:36:209] 导航规划失败 -920.242798,989.385193,321.184631
[2018-08-07 14:50:36:376] 退出脚本线程！
[2018-08-07 14:50:36:409] 等待脚本线程关闭
[2018-08-07 14:50:36:412] 脚本线程已退出
[2018-08-07 14:50:36:476] 监控线程已退出
[2018-08-07 14:50:36:509] 等待LUA线程关闭
[2018-08-07 14:50:36:511] 脚本线程已关闭
[2018-08-07 14:50:36:542] 脚本已停止
[2018-08-07 14:50:36:576] 退出登录线程！
[2018-08-07 14:58:55:906] 开始脚本
[2018-08-07 14:58:56:106] 导航规划失败 -920.242798,989.385193,321.184631
[2018-08-07 14:58:56:519] 导航规划失败 -920.242798,989.385193,321.184631
[2018-08-07 14:58:56:909] 导航规划失败 -920.242798,989.385193,321.184631
[2018-08-07 14:58:57:009] 导航规划失败 -920.242798,989.385193,321.184631
[2018-08-07 14:58:57:242] 导航规划失败 -920.242798,989.385193,321.184631
[2018-08-07 14:58:57:595] 导航规划失败 -920.242798,989.385193,321.184631
[2018-08-07 14:58:57:848] 导航规划失败 -920.242798,989.385193,321.184631
[2018-08-07 14:58:57:988] 导航规划失败 -920.242798,989.385193,321.184631
[2018-08-07 14:58:58:068] 导航规划失败 -920.242798,989.385193,321.184631
[2018-08-07 14:58:58:178] 导航规划失败 -920.242798,989.385193,321.184631
[2018-08-07 14:58:58:259] 导航规划失败 -920.242798,989.385193,321.184631
[2018-08-07 14:58:58:320] 导航规划失败 -920.242798,989.385193,321.184631
[2018-08-07 14:58:58:493] 导航规划失败 -920.242798,989.385193,321.184631
[2018-08-07 14:58:58:585] 导航规划失败 -920.242798,989.385193,321.184631
[2018-08-07 14:58:58:686] 导航规划失败 -920.242798,989.385193,321.184631
[2018-08-07 15:00:14:428] 触发GM传送，处理
[2018-08-07 15:00:14:448] 上次记录坐标=-1123.718262,764.490356,433.324677
[2018-08-07 15:00:14:459] 本次记录坐标=1776.500000,-4338.799805,-7.480000
[2018-08-07 15:00:14:469] 速度=77.039444
[2018-08-07 15:00:14:479] 时间间隔=76.406998
[2018-08-07 15:00:14:489] 黑点列表 -828.719971,4371.779785,738.636414
[2018-08-07 15:00:14:499] 黑点列表 -802.717957,4464.350586,735.015076
[2018-08-07 15:00:14:510] 黑点列表 3247.979980,1828.699707,236.767044
[2018-08-07 15:00:14:517] 黑点列表 3812.908936,6347.589355,185.299454
[2018-08-07 15:00:14:524] 黑点列表 -11788.700195,-3855.649902,60.023949
[2018-08-07 15:00:14:531] 黑点列表 -65.370247,6989.707520,20.010029
[2018-08-07 15:00:14:541] 黑点列表 1633.010010,1582.099976,5.755894
[2018-08-07 15:00:14:549] 黑点列表 4128.250000,7309.029785,22.100000
[2018-08-07 15:00:14:557] 黑点列表 2258.969971,8283.669922,36.669701
[2018-08-07 15:00:18:782] Alarm
[2018-08-07 15:00:21:905] 导航规划失败 -920.242798,989.385193,321.184631
[2018-08-07 15:00:22:045] 导航规划失败 -920.242798,989.385193,321.184631
[2018-08-07 15:00:22:149] 导航规划失败 -920.242798,989.385193,321.184631
[2018-08-07 15:00:22:256] 导航规划失败 -920.242798,989.385193,321.184631
[2018-08-07 15:00:22:408] 导航规划失败 -920.242798,989.385193,321.184631
[2018-08-07 15:00:22:563] 导航规划失败 -920.242798,989.385193,321.184631
[2018-08-07 15:00:22:718] 1
[2018-08-07 15:00:22:727] 导航规划失败 -920.242798,989.385193,321.184631
[2018-08-07 15:00:22:734] 退出不重启
[2018-08-07 15:00:22:742] 退出游戏,代码301933108
[2018-08-07 15:13:42:648] 开始脚本
[2018-08-07 15:13:43:304] 导航规划失败 -920.242798,989.385193,321.184631
[2018-08-07 15:13:43:437] 导航规划失败 -920.242798,989.385193,321.184631
[2018-08-07 15:13:43:704] 导航规划失败 -920.242798,989.385193,321.184631
[2018-08-07 15:13:43:771] 退出脚本线程！
[2018-08-07 15:13:43:804] 等待脚本线程关闭
[2018-08-07 15:13:43:837] 监控线程已退出
[2018-08-07 15:13:43:839] 脚本线程已退出
[2018-08-07 15:13:44:771] 等待LUA线程关闭
[2018-08-07 15:13:44:773] 脚本线程已关闭
[2018-08-07 15:13:44:804] 脚本已停止
[2018-08-07 15:13:44:837] 退出登录线程！
[2018-08-07 15:13:59:366] 开始脚本
[2018-08-07 15:13:59:666] 导航规划失败 -920.242798,989.385193,321.184631
[2018-08-07 15:13:59:837] 导航规划失败 -920.242798,989.385193,321.184631
[2018-08-07 15:14:00:171] 导航规划失败 -920.242798,989.385193,321.184631
[2018-08-07 15:14:00:437] 导航规划失败 -920.242798,989.385193,321.184631
[2018-08-07 15:14:00:444] GM密语检测已开启
[2018-08-07 15:14:01:580] 导航规划失败 -920.242798,989.385193,321.184631
[2018-08-07 15:14:01:749] 导航规划失败 -920.242798,989.385193,321.184631
[2018-08-07 15:14:01:874] 导航规划失败 -920.242798,989.385193,321.184631
[2018-08-07 15:14:02:073] 导航规划失败 -920.242798,989.385193,321.184631
[2018-08-07 15:14:48:791] 导航规划失败 -920.242798,989.385193,321.184631
[2018-08-07 15:14:49:158] 导航规划失败 -920.242798,989.385193,321.184631
[2018-08-07 15:14:49:492] 导航规划失败 -920.242798,989.385193,321.184631
[2018-08-07 15:14:50:190] 导航规划失败 -920.242798,989.385193,321.184631
[2018-08-07 15:14:50:578] 导航规划失败 -920.242798,989.385193,321.184631
[2018-08-07 15:14:50:978] 导航规划失败 -920.242798,989.385193,321.184631
[2018-08-07 15:14:51:378] 导航规划失败 -920.242798,989.385193,321.184631
[2018-08-07 15:14:51:712] 导航规划失败 -920.242798,989.385193,321.184631
[2018-08-07 15:14:52:114] 导航规划失败 -920.242798,989.385193,321.184631
[2018-08-07 15:14:52:515] 导航规划失败 -920.242798,989.385193,321.184631
[2018-08-07 15:14:52:782] 导航规划失败 -920.242798,989.385193,321.184631
[2018-08-07 15:14:53:115] 导航规划失败 -920.242798,989.385193,321.184631
[2018-08-07 15:14:53:582] 导航规划失败 -920.242798,989.385193,321.184631
[2018-08-07 15:14:53:882] 导航规划失败 -920.242798,989.385193,321.184631
[2018-08-07 15:14:54:315] 导航规划失败 -920.242798,989.385193,321.184631
[2018-08-07 15:14:54:782] 导航规划失败 -920.242798,989.385193,321.184631
[2018-08-07 15:14:54:988] 导航规划失败 -920.242798,989.385193,321.184631
[2018-08-07 15:14:55:422] 导航规划失败 -920.242798,989.385193,321.184631
[2018-08-07 15:14:55:824] 导航规划失败 -920.242798,989.385193,321.184631
[2018-08-07 15:14:56:001] 导航规划失败 -920.242798,989.385193,321.184631
[2018-08-07 15:14:56:390] 导航规划失败 -920.242798,989.385193,321.184631
[2018-08-07 15:14:56:543] 导航规划失败 -920.242798,989.385193,321.184631
[2018-08-07 15:14:56:681] 导航规划失败 -920.242798,989.385193,321.184631
[2018-08-07 15:14:56:786] 导航规划失败 -920.242798,989.385193,321.184631
[2018-08-07 15:14:56:893] 导航规划失败 -920.242798,989.385193,321.184631
[2018-08-07 15:14:57:009] 导航规划失败 -920.242798,989.385193,321.184631
[2018-08-07 15:14:57:158] 导航规划失败 -920.242798,989.385193,321.184631
[2018-08-07 15:14:57:322] 导航规划失败 -920.242798,989.385193,321.184631
[2018-08-07 15:14:57:498] 导航规划失败 -920.242798,989.385193,321.184631
[2018-08-07 15:14:57:654] 导航规划失败 -920.242798,989.385193,321.184631
[2018-08-07 15:14:57:819] 导航规划失败 -920.242798,989.385193,321.184631
[2018-08-07 15:14:57:985] 导航规划失败 -920.242798,989.385193,321.184631
[2018-08-07 15:14:58:155] 导航规划失败 -920.242798,989.385193,321.184631
[2018-08-07 15:15:17:227] 触发GM传送，处理
[2018-08-07 15:15:17:239] 上次记录坐标=-11788.700195,-3855.649902,60.023949
[2018-08-07 15:15:17:256] 本次记录坐标=1776.500000,-4338.799805,-7.480000
[2018-08-07 15:15:17:269] 速度=705.911377
[2018-08-07 15:15:17:281] 时间间隔=19.229000
[2018-08-07 15:15:17:483] 导航规划失败 -920.242798,989.385193,321.184631
[2018-08-07 15:15:17:543] Alarm
[2018-08-07 15:15:17:809] 导航规划失败 -920.242798,989.385193,321.184631
[2018-08-07 15:15:18:317] 导航规划失败 -920.242798,989.385193,321.184631
[2018-08-07 15:15:18:733] 导航规划失败 -920.242798,989.385193,321.184631
[2018-08-07 15:15:19:233] 导航规划失败 -920.242798,989.385193,321.184631
[2018-08-07 15:15:19:573] 导航规划失败 -920.242798,989.385193,321.184631
[2018-08-07 15:15:19:989] 导航规划失败 -920.242798,989.385193,321.184631
[2018-08-07 15:15:20:327] 导航规划失败 -920.242798,989.385193,321.184631
[2018-08-07 15:15:20:695] 导航规划失败 -920.242798,989.385193,321.184631
[2018-08-07 15:15:20:995] 导航规划失败 -920.242798,989.385193,321.184631
[2018-08-07 15:15:21:299] 导航规划失败 -920.242798,989.385193,321.184631
[2018-08-07 15:15:21:632] 导航规划失败 -920.242798,989.385193,321.184631
[2018-08-07 15:15:21:966] 导航规划失败 -920.242798,989.385193,321.184631
[2018-08-07 15:15:22:366] 导航规划失败 -920.242798,989.385193,321.184631
[2018-08-07 15:15:22:772] 导航规划失败 -920.242798,989.385193,321.184631
[2018-08-07 15:15:23:307] 导航规划失败 -920.242798,989.385193,321.184631
[2018-08-07 15:15:23:872] 导航规划失败 -920.242798,989.385193,321.184631
[2018-08-07 15:15:24:338] 导航规划失败 -920.242798,989.385193,321.184631
[2018-08-07 15:15:24:805] 导航规划失败 -920.242798,989.385193,321.184631
[2018-08-07 15:15:25:225] 导航规划失败 -920.242798,989.385193,321.184631
[2018-08-07 15:15:25:731] 导航规划失败 -920.242798,989.385193,321.184631
[2018-08-07 15:15:26:197] 导航规划失败 -920.242798,989.385193,321.184631
[2018-08-07 15:15:26:598] 导航规划失败 -920.242798,989.385193,321.184631
[2018-08-07 15:15:27:014] 导航规划失败 -920.242798,989.385193,321.184631
[2018-08-07 15:15:27:453] 导航规划失败 -920.242798,989.385193,321.184631
[2018-08-07 15:15:27:823] 导航规划失败 -920.242798,989.385193,321.184631
[2018-08-07 15:15:28:261] 导航规划失败 -920.242798,989.385193,321.184631
[2018-08-07 15:15:28:728] 导航规划失败 -920.242798,989.385193,321.184631
[2018-08-07 15:15:29:128] 导航规划失败 -920.242798,989.385193,321.184631
[2018-08-07 15:15:29:626] 导航规划失败 -920.242798,989.385193,321.184631
[2018-08-07 15:15:30:080] 导航规划失败 -920.242798,989.385193,321.184631
[2018-08-07 15:15:30:640] 导航规划失败 -920.242798,989.385193,321.184631
[2018-08-07 15:15:31:051] 导航规划失败 -920.242798,989.385193,321.184631
[2018-08-07 15:15:31:285] 导航规划失败 -920.242798,989.385193,321.184631
[2018-08-07 15:15:31:618] 导航规划失败 -920.242798,989.385193,321.184631
[2018-08-07 15:15:31:918] 导航规划失败 -920.242798,989.385193,321.184631
[2018-08-07 15:15:32:235] 导航规划失败 -920.242798,989.385193,321.184631
[2018-08-07 15:15:32:509] 导航规划失败 -920.242798,989.385193,321.184631
[2018-08-07 15:15:32:776] 导航规划失败 -920.242798,989.385193,321.184631
[2018-08-07 15:15:33:107] 导航规划失败 -920.242798,989.385193,321.184631
[2018-08-07 15:15:33:379] 导航规划失败 -920.242798,989.385193,321.184631
[2018-08-07 15:15:33:645] 导航规划失败 -920.242798,989.385193,321.184631
[2018-08-07 15:15:33:912] 导航规划失败 -920.242798,989.385193,321.184631
[2018-08-07 15:15:34:212] 导航规划失败 -920.242798,989.385193,321.184631
[2018-08-07 15:15:34:512] 导航规划失败 -920.242798,989.385193,321.184631
[2018-08-07 15:15:34:812] 导航规划失败 -920.242798,989.385193,321.184631
[2018-08-07 15:15:35:079] 导航规划失败 -920.242798,989.385193,321.184631
[2018-08-07 15:15:35:345] 导航规划失败 -920.242798,989.385193,321.184631
[2018-08-07 15:15:35:679] 导航规划失败 -920.242798,989.385193,321.184631
[2018-08-07 15:15:35:979] 导航规划失败 -920.242798,989.385193,321.184631
[2018-08-07 15:15:36:279] 导航规划失败 -920.242798,989.385193,321.184631
[2018-08-07 15:15:36:545] 导航规划失败 -920.242798,989.385193,321.184631
[2018-08-07 15:15:36:845] 导航规划失败 -920.242798,989.385193,321.184631
[2018-08-07 15:15:37:145] 导航规划失败 -920.242798,989.385193,321.184631
[2018-08-07 15:15:37:412] 导航规划失败 -920.242798,989.385193,321.184631
[2018-08-07 15:15:37:679] 导航规划失败 -920.242798,989.385193,321.184631
[2018-08-07 15:15:37:945] 导航规划失败 -920.242798,989.385193,321.184631
[2018-08-07 15:15:38:212] 导航规划失败 -920.242798,989.385193,321.184631
[2018-08-07 15:15:38:512] 导航规划失败 -920.242798,989.385193,321.184631
[2018-08-07 15:15:38:812] 导航规划失败 -920.242798,989.385193,321.184631
[2018-08-07 15:15:39:079] 导航规划失败 -920.242798,989.385193,321.184631
[2018-08-07 15:15:39:379] 导航规划失败 -920.242798,989.385193,321.184631
[2018-08-07 15:15:39:645] 导航规划失败 -920.242798,989.385193,321.184631
[2018-08-07 15:15:39:945] 导航规划失败 -920.242798,989.385193,321.184631
[2018-08-07 15:15:40:212] 导航规划失败 -920.242798,989.385193,321.184631
[2018-08-07 15:15:40:512] 导航规划失败 -920.242798,989.385193,321.184631
[2018-08-07 15:15:40:845] 导航规划失败 -920.242798,989.385193,321.184631
[2018-08-07 15:15:41:145] 导航规划失败 -920.242798,989.385193,321.184631
[2018-08-07 15:15:41:445] 导航规划失败 -920.242798,989.385193,321.184631
[2018-08-07 15:15:41:715] 导航规划失败 -920.242798,989.385193,321.184631
[2018-08-07 15:15:42:015] 导航规划失败 -920.242798,989.385193,321.184631
[2018-08-07 15:15:42:289] 导航规划失败 -920.242798,989.385193,321.184631
[2018-08-07 15:15:42:560] 导航规划失败 -920.242798,989.385193,321.184631
[2018-08-07 15:15:42:839] 导航规划失败 -920.242798,989.385193,321.184631
[2018-08-07 15:15:43:106] 导航规划失败 -920.242798,989.385193,321.184631
[2018-08-07 15:15:43:386] 导航规划失败 -920.242798,989.385193,321.184631
[2018-08-07 15:15:43:665] 导航规划失败 -920.242798,989.385193,321.184631
[2018-08-07 15:15:44:020] 导航规划失败 -920.242798,989.385193,321.184631
[2018-08-07 15:15:44:374] 导航规划失败 -920.242798,989.385193,321.184631
[2018-08-07 15:15:44:692] 导航规划失败 -920.242798,989.385193,321.184631
[2018-08-07 15:15:44:992] 导航规划失败 -920.242798,989.385193,321.184631
[2018-08-07 15:15:45:291] 导航规划失败 -920.242798,989.385193,321.184631
[2018-08-07 15:15:45:603] 导航规划失败 -920.242798,989.385193,321.184631
[2018-08-07 15:15:45:939] 导航规划失败 -920.242798,989.385193,321.184631
[2018-08-07 15:15:46:225] 导航规划失败 -920.242798,989.385193,321.184631
[2018-08-07 15:15:46:565] 导航规划失败 -920.242798,989.385193,321.184631
[2018-08-07 15:15:46:912] 导航规划失败 -920.242798,989.385193,321.184631
[2018-08-07 15:15:47:291] 导航规划失败 -920.242798,989.385193,321.184631
[2018-08-07 15:15:47:637] 导航规划失败 -920.242798,989.385193,321.184631
[2018-08-07 15:15:47:981] 导航规划失败 -920.242798,989.385193,321.184631
[2018-08-07 15:15:48:263] 导航规划失败 -920.242798,989.385193,321.184631
[2018-08-07 15:15:48:586] 导航规划失败 -920.242798,989.385193,321.184631
[2018-08-07 15:15:48:954] 导航规划失败 -920.242798,989.385193,321.184631
[2018-08-07 15:15:49:224] 导航规划失败 -920.242798,989.385193,321.184631
[2018-08-07 15:15:49:562] 导航规划失败 -920.242798,989.385193,321.184631
[2018-08-07 15:15:49:862] 导航规划失败 -920.242798,989.385193,321.184631
[2018-08-07 15:15:50:162] 导航规划失败 -920.242798,989.385193,321.184631
[2018-08-07 15:15:50:429] 导航规划失败 -920.242798,989.385193,321.184631
[2018-08-07 15:15:50:796] 导航规划失败 -920.242798,989.385193,321.184631
[2018-08-07 15:15:51:129] 导航规划失败 -920.242798,989.385193,321.184631
[2018-08-07 15:15:51:399] 导航规划失败 -920.242798,989.385193,321.184631
[2018-08-07 15:15:51:665] 导航规划失败 -920.242798,989.385193,321.184631
[2018-08-07 15:15:51:899] 导航规划失败 -920.242798,989.385193,321.184631
[2018-08-07 15:15:52:165] 导航规划失败 -920.242798,989.385193,321.184631
[2018-08-07 15:15:52:432] 导航规划失败 -920.242798,989.385193,321.184631
[2018-08-07 15:15:52:699] 导航规划失败 -920.242798,989.385193,321.184631
[2018-08-07 15:15:52:979] 导航规划失败 -920.242798,989.385193,321.184631
[2018-08-07 15:15:53:245] 导航规划失败 -920.242798,989.385193,321.184631
[2018-08-07 15:15:53:512] 导航规划失败 -920.242798,989.385193,321.184631
[2018-08-07 15:15:53:812] 导航规划失败 -920.242798,989.385193,321.184631
[2018-08-07 15:15:54:081] 导航规划失败 -920.242798,989.385193,321.184631
[2018-08-07 15:15:54:347] 导航规划失败 -920.242798,989.385193,321.184631
[2018-08-07 15:15:54:581] 导航规划失败 -920.242798,989.385193,321.184631
[2018-08-07 15:15:54:881] 导航规划失败 -920.242798,989.385193,321.184631
[2018-08-07 15:15:55:149] 导航规划失败 -920.242798,989.385193,321.184631
[2018-08-07 15:15:55:416] 导航规划失败 -920.242798,989.385193,321.184631
[2018-08-07 15:15:55:683] 导航规划失败 -920.242798,989.385193,321.184631
[2018-08-07 15:15:55:916] 导航规划失败 -920.242798,989.385193,321.184631
[2018-08-07 15:15:56:249] 导航规划失败 -920.242798,989.385193,321.184631
[2018-08-07 15:15:56:517] 导航规划失败 -920.242798,989.385193,321.184631
[2018-08-07 15:15:56:817] 导航规划失败 -920.242798,989.385193,321.184631
[2018-08-07 15:15:57:084] 导航规划失败 -920.242798,989.385193,321.184631
[2018-08-07 15:15:57:428] 导航规划失败 -920.242798,989.385193,321.184631
[2018-08-07 15:15:57:688] 导航规划失败 -920.242798,989.385193,321.184631
[2018-08-07 15:15:57:959] 导航规划失败 -920.242798,989.385193,321.184631
[2018-08-07 15:15:58:259] 导航规划失败 -920.242798,989.385193,321.184631
[2018-08-07 15:15:58:528] 导航规划失败 -920.242798,989.385193,321.184631
[2018-08-07 15:15:58:797] 导航规划失败 -920.242798,989.385193,321.184631
[2018-08-07 15:15:59:099] 导航规划失败 -920.242798,989.385193,321.184631
[2018-08-07 15:15:59:417] 导航规划失败 -920.242798,989.385193,321.184631
[2018-08-07 15:15:59:683] 导航规划失败 -920.242798,989.385193,321.184631
[2018-08-07 15:15:59:954] 导航规划失败 -920.242798,989.385193,321.184631
[2018-08-07 15:16:00:287] 导航规划失败 -920.242798,989.385193,321.184631
[2018-08-07 15:16:00:587] 导航规划失败 -920.242798,989.385193,321.184631
[2018-08-07 15:16:00:887] 导航规划失败 -920.242798,989.385193,321.184631
[2018-08-07 15:16:01:194] 导航规划失败 -920.242798,989.385193,321.184631
[2018-08-07 15:16:01:527] 导航规划失败 -920.242798,989.385193,321.184631
[2018-08-07 15:16:01:804] 导航规划失败 -920.242798,989.385193,321.184631
[2018-08-07 15:16:02:090] 导航规划失败 -920.242798,989.385193,321.184631
[2018-08-07 15:16:02:404] 导航规划失败 -920.242798,989.385193,321.184631
[2018-08-07 15:16:02:704] 导航规划失败 -920.242798,989.385193,321.184631
[2018-08-07 15:16:03:004] 导航规划失败 -920.242798,989.385193,321.184631
[2018-08-07 15:16:03:347] 导航规划失败 -920.242798,989.385193,321.184631
[2018-08-07 15:16:03:658] 导航规划失败 -920.242798,989.385193,321.184631
[2018-08-07 15:16:03:950] 导航规划失败 -920.242798,989.385193,321.184631
[2018-08-07 15:16:04:250] 导航规划失败 -920.242798,989.385193,321.184631
[2018-08-07 15:16:04:584] 导航规划失败 -920.242798,989.385193,321.184631
[2018-08-07 15:16:04:938] 导航规划失败 -920.242798,989.385193,321.184631
[2018-08-07 15:16:05:284] 导航规划失败 -920.242798,989.385193,321.184631
[2018-08-07 15:16:05:619] 导航规划失败 -920.242798,989.385193,321.184631
[2018-08-07 15:16:05:886] 导航规划失败 -920.242798,989.385193,321.184631
[2018-08-07 15:16:06:191] 导航规划失败 -920.242798,989.385193,321.184631
[2018-08-07 15:16:06:574] 导航规划失败 -920.242798,989.385193,321.184631
[2018-08-07 15:16:06:901] 导航规划失败 -920.242798,989.385193,321.184631
[2018-08-07 15:16:07:215] 导航规划失败 -920.242798,989.385193,321.184631
[2018-08-07 15:16:07:515] 导航规划失败 -920.242798,989.385193,321.184631
[2018-08-07 15:16:07:832] 导航规划失败 -920.242798,989.385193,321.184631
[2018-08-07 15:16:08:132] 导航规划失败 -920.242798,989.385193,321.184631
[2018-08-07 15:16:08:444] 导航规划失败 -920.242798,989.385193,321.184631
[2018-08-07 15:16:08:711] 导航规划失败 -920.242798,989.385193,321.184631
[2018-08-07 15:16:08:977] 导航规划失败 -920.242798,989.385193,321.184631
[2018-08-07 15:16:09:314] 导航规划失败 -920.242798,989.385193,321.184631
[2018-08-07 15:16:09:641] 导航规划失败 -920.242798,989.385193,321.184631
[2018-08-07 15:16:09:929] 导航规划失败 -920.242798,989.385193,321.184631
[2018-08-07 15:16:10:229] 导航规划失败 -920.242798,989.385193,321.184631
[2018-08-07 15:16:10:562] 导航规划失败 -920.242798,989.385193,321.184631
[2018-08-07 15:16:10:878] 导航规划失败 -920.242798,989.385193,321.184631
[2018-08-07 15:16:11:238] 导航规划失败 -920.242798,989.385193,321.184631
[2018-08-07 15:16:11:538] 导航规划失败 -920.242798,989.385193,321.184631
[2018-08-07 15:16:11:881] 导航规划失败 -920.242798,989.385193,321.184631
[2018-08-07 15:16:12:199] 导航规划失败 -920.242798,989.385193,321.184631
[2018-08-07 15:16:12:558] 导航规划失败 -920.242798,989.385193,321.184631
[2018-08-07 15:16:12:869] 导航规划失败 -920.242798,989.385193,321.184631
[2018-08-07 15:16:13:215] 导航规划失败 -920.242798,989.385193,321.184631
[2018-08-07 15:16:13:526] 导航规划失败 -920.242798,989.385193,321.184631
[2018-08-07 15:16:13:833] 导航规划失败 -920.242798,989.385193,321.184631
[2018-08-07 15:16:14:148] 导航规划失败 -920.242798,989.385193,321.184631
[2018-08-07 15:16:14:414] 导航规划失败 -920.242798,989.385193,321.184631
[2018-08-07 15:16:14:724] 导航规划失败 -920.242798,989.385193,321.184631
[2018-08-07 15:16:15:024] 导航规划失败 -920.242798,989.385193,321.184631
[2018-08-07 15:16:15:324] 导航规划失败 -920.242798,989.385193,321.184631
[2018-08-07 15:16:15:591] 导航规划失败 -920.242798,989.385193,321.184631
[2018-08-07 15:16:15:966] 导航规划失败 -920.242798,989.385193,321.184631
[2018-08-07 15:16:16:289] 导航规划失败 -920.242798,989.385193,321.184631
[2018-08-07 15:16:16:576] 导航规划失败 -920.242798,989.385193,321.184631
[2018-08-07 15:16:16:944] 导航规划失败 -920.242798,989.385193,321.184631
[2018-08-07 15:16:17:251] 导航规划失败 -920.242798,989.385193,321.184631
[2018-08-07 15:16:17:569] 导航规划失败 -920.242798,989.385193,321.184631
[2018-08-07 15:16:17:869] 导航规划失败 -920.242798,989.385193,321.184631
[2018-08-07 15:16:18:169] 导航规划失败 -920.242798,989.385193,321.184631
[2018-08-07 15:16:18:469] 导航规划失败 -920.242798,989.385193,321.184631
[2018-08-07 15:16:18:769] 导航规划失败 -920.242798,989.385193,321.184631
[2018-08-07 15:16:19:136] 导航规划失败 -920.242798,989.385193,321.184631
[2018-08-07 15:16:19:465] 导航规划失败 -920.242798,989.385193,321.184631
[2018-08-07 15:16:19:813] 导航规划失败 -920.242798,989.385193,321.184631
[2018-08-07 15:16:20:123] 导航规划失败 -920.242798,989.385193,321.184631
[2018-08-07 15:16:20:434] 导航规划失败 -920.242798,989.385193,321.184631
[2018-08-07 15:16:20:758] 导航规划失败 -920.242798,989.385193,321.184631
[2018-08-07 15:16:21:039] 导航规划失败 -920.242798,989.385193,321.184631
[2018-08-07 15:16:21:355] 导航规划失败 -920.242798,989.385193,321.184631
[2018-08-07 15:16:21:670] 导航规划失败 -920.242798,989.385193,321.184631
[2018-08-07 15:16:21:986] 导航规划失败 -920.242798,989.385193,321.184631
[2018-08-07 15:16:22:290] 导航规划失败 -920.242798,989.385193,321.184631
[2018-08-07 15:16:22:622] 导航规划失败 -920.242798,989.385193,321.184631
[2018-08-07 15:16:22:939] 导航规划失败 -920.242798,989.385193,321.184631
[2018-08-07 15:16:23:285] 导航规划失败 -920.242798,989.385193,321.184631
[2018-08-07 15:16:23:585] 导航规划失败 -920.242798,989.385193,321.184631
[2018-08-07 15:16:23:889] 导航规划失败 -920.242798,989.385193,321.184631
[2018-08-07 15:16:23:931] 网络出错
[2018-08-07 15:16:24:221] 导航规划失败 -920.242798,989.385193,321.184631
[2018-08-07 15:16:24:534] 导航规划失败 -920.242798,989.385193,321.184631
[2018-08-07 15:16:24:817] 导航规划失败 -920.242798,989.385193,321.184631
[2018-08-07 15:16:25:097] 导航规划失败 -920.242798,989.385193,321.184631
[2018-08-07 15:16:25:430] 导航规划失败 -920.242798,989.385193,321.184631
[2018-08-07 15:16:25:740] 导航规划失败 -920.242798,989.385193,321.184631
[2018-08-07 15:16:26:058] 导航规划失败 -920.242798,989.385193,321.184631
[2018-08-07 15:16:26:370] 导航规划失败 -920.242798,989.385193,321.184631
[2018-08-07 15:16:26:713] 导航规划失败 -920.242798,989.385193,321.184631
[2018-08-07 15:16:27:013] 导航规划失败 -920.242798,989.385193,321.184631
[2018-08-07 15:16:27:347] 导航规划失败 -920.242798,989.385193,321.184631
[2018-08-07 15:16:27:657] 导航规划失败 -920.242798,989.385193,321.184631
[2018-08-07 15:16:27:996] 导航规划失败 -920.242798,989.385193,321.184631
[2018-08-07 15:16:28:371] 导航规划失败 -920.242798,989.385193,321.184631
[2018-08-07 15:16:28:704] 导航规划失败 -920.242798,989.385193,321.184631
[2018-08-07 15:16:29:004] 导航规划失败 -920.242798,989.385193,321.184631
[2018-08-07 15:16:29:313] 导航规划失败 -920.242798,989.385193,321.184631
[2018-08-07 15:16:29:625] 导航规划失败 -920.242798,989.385193,321.184631
[2018-08-07 15:16:29:964] 导航规划失败 -920.242798,989.385193,321.184631
[2018-08-07 15:16:30:240] 导航规划失败 -920.242798,989.385193,321.184631
[2018-08-07 15:16:30:585] 导航规划失败 -920.242798,989.385193,321.184631
[2018-08-07 15:16:30:866] 导航规划失败 -920.242798,989.385193,321.184631
[2018-08-07 15:16:31:154] 导航规划失败 -920.242798,989.385193,321.184631
[2018-08-07 15:16:31:476] 导航规划失败 -920.242798,989.385193,321.184631
[2018-08-07 15:16:31:857] 导航规划失败 -920.242798,989.385193,321.184631
[2018-08-07 15:16:32:190] 导航规划失败 -920.242798,989.385193,321.184631
[2018-08-07 15:16:32:561] 导航规划失败 -920.242798,989.385193,321.184631
[2018-08-07 15:16:32:873] 导航规划失败 -920.242798,989.385193,321.184631
[2018-08-07 15:16:33:140] 导航规划失败 -920.242798,989.385193,321.184631
[2018-08-07 15:16:33:480] 导航规划失败 -920.242798,989.385193,321.184631
[2018-08-07 15:16:33:783] 导航规划失败 -920.242798,989.385193,321.184631
[2018-08-07 15:16:34:116] 导航规划失败 -920.242798,989.385193,321.184631
[2018-08-07 15:16:34:402] 导航规划失败 -920.242798,989.385193,321.184631
[2018-08-07 15:16:34:685] 导航规划失败 -920.242798,989.385193,321.184631
[2018-08-07 15:16:35:018] 导航规划失败 -920.242798,989.385193,321.184631
[2018-08-07 15:16:35:318] 导航规划失败 -920.242798,989.385193,321.184631
[2018-08-07 15:16:35:552] 导航规划失败 -920.242798,989.385193,321.184631
[2018-08-07 15:16:35:818] 导航规划失败 -920.242798,989.385193,321.184631
[2018-08-07 15:16:36:118] 导航规划失败 -920.242798,989.385193,321.184631
[2018-08-07 15:16:36:395] 导航规划失败 -920.242798,989.385193,321.184631
[2018-08-07 15:16:36:662] 导航规划失败 -920.242798,989.385193,321.184631
[2018-08-07 15:16:36:928] 导航规划失败 -920.242798,989.385193,321.184631
[2018-08-07 15:16:37:228] 导航规划失败 -920.242798,989.385193,321.184631
[2018-08-07 15:16:37:528] 导航规划失败 -920.242798,989.385193,321.184631
[2018-08-07 15:16:37:862] 导航规划失败 -920.242798,989.385193,321.184631
[2018-08-07 15:16:38:162] 导航规划失败 -920.242798,989.385193,321.184631
[2018-08-07 15:16:38:477] 导航规划失败 -920.242798,989.385193,321.184631
[2018-08-07 15:16:38:777] 导航规划失败 -920.242798,989.385193,321.184631
[2018-08-07 15:16:39:043] 导航规划失败 -920.242798,989.385193,321.184631
[2018-08-07 15:16:39:310] 导航规划失败 -920.242798,989.385193,321.184631
[2018-08-07 15:16:39:596] 导航规划失败 -920.242798,989.385193,321.184631
[2018-08-07 15:16:39:863] 导航规划失败 -920.242798,989.385193,321.184631
[2018-08-07 15:16:40:129] 导航规划失败 -920.242798,989.385193,321.184631
[2018-08-07 15:16:40:396] 导航规划失败 -920.242798,989.385193,321.184631
[2018-08-07 15:16:40:678] 导航规划失败 -920.242798,989.385193,321.184631
[2018-08-07 15:16:40:978] 导航规划失败 -920.242798,989.385193,321.184631
[2018-08-07 15:16:41:312] 导航规划失败 -920.242798,989.385193,321.184631
[2018-08-07 15:16:41:609] 导航规划失败 -920.242798,989.385193,321.184631
[2018-08-07 15:16:41:909] 导航规划失败 -920.242798,989.385193,321.184631
[2018-08-07 15:16:42:248] 导航规划失败 -920.242798,989.385193,321.184631
[2018-08-07 15:16:42:574] 导航规划失败 -920.242798,989.385193,321.184631
[2018-08-07 15:16:42:920] 导航规划失败 -920.242798,989.385193,321.184631
[2018-08-07 15:16:43:220] 导航规划失败 -920.242798,989.385193,321.184631
[2018-08-07 15:16:43:487] 导航规划失败 -920.242798,989.385193,321.184631
[2018-08-07 15:16:43:787] 导航规划失败 -920.242798,989.385193,321.184631
[2018-08-07 15:16:44:087] 导航规划失败 -920.242798,989.385193,321.184631
[2018-08-07 15:16:44:387] 导航规划失败 -920.242798,989.385193,321.184631
[2018-08-07 15:16:44:687] 导航规划失败 -920.242798,989.385193,321.184631
[2018-08-07 15:16:44:982] 导航规划失败 -920.242798,989.385193,321.184631
[2018-08-07 15:16:45:310] 导航规划失败 -920.242798,989.385193,321.184631
[2018-08-07 15:16:45:574] 导航规划失败 -920.242798,989.385193,321.184631
[2018-08-07 15:16:45:840] 导航规划失败 -920.242798,989.385193,321.184631
[2018-08-07 15:16:46:140] 导航规划失败 -920.242798,989.385193,321.184631
[2018-08-07 15:16:46:407] 导航规划失败 -920.242798,989.385193,321.184631
[2018-08-07 15:16:46:674] 导航规划失败 -920.242798,989.385193,321.184631
[2018-08-07 15:16:46:983] 导航规划失败 -920.242798,989.385193,321.184631
[2018-08-07 15:16:47:301] 导航规划失败 -920.242798,989.385193,321.184631
[2018-08-07 15:16:47:619] 导航规划失败 -920.242798,989.385193,321.184631
[2018-08-07 15:16:48:001] 导航规划失败 -920.242798,989.385193,321.184631
[2018-08-07 15:16:48:301] 导航规划失败 -920.242798,989.385193,321.184631
[2018-08-07 15:16:48:604] 导航规划失败 -920.242798,989.385193,321.184631
[2018-08-07 15:16:48:871] 导航规划失败 -920.242798,989.385193,321.184631
[2018-08-07 15:16:49:204] 导航规划失败 -920.242798,989.385193,321.184631
[2018-08-07 15:16:49:514] 导航规划失败 -920.242798,989.385193,321.184631
[2018-08-07 15:16:49:830] 导航规划失败 -920.242798,989.385193,321.184631
[2018-08-07 15:16:50:130] 导航规划失败 -920.242798,989.385193,321.184631
[2018-08-07 15:16:50:412] 导航规划失败 -920.242798,989.385193,321.184631
[2018-08-07 15:16:50:748] 导航规划失败 -920.242798,989.385193,321.184631
[2018-08-07 15:16:51:050] 导航规划失败 -920.242798,989.385193,321.184631
[2018-08-07 15:16:51:364] 导航规划失败 -920.242798,989.385193,321.184631
[2018-08-07 15:16:51:635] 导航规划失败 -920.242798,989.385193,321.184631
[2018-08-07 15:16:51:977] 导航规划失败 -920.242798,989.385193,321.184631
[2018-08-07 15:16:52:325] 导航规划失败 -920.242798,989.385193,321.184631
[2018-08-07 15:16:52:642] 导航规划失败 -920.242798,989.385193,321.184631
[2018-08-07 15:16:52:930] 导航规划失败 -920.242798,989.385193,321.184631
[2018-08-07 15:16:53:307] 导航规划失败 -920.242798,989.385193,321.184631
[2018-08-07 15:16:53:592] 导航规划失败 -920.242798,989.385193,321.184631
[2018-08-07 15:16:53:926] 导航规划失败 -920.242798,989.385193,321.184631
[2018-08-07 15:16:54:206] 导航规划失败 -920.242798,989.385193,321.184631
[2018-08-07 15:16:54:493] 导航规划失败 -920.242798,989.385193,321.184631
[2018-08-07 15:16:54:846] 导航规划失败 -920.242798,989.385193,321.184631
[2018-08-07 15:16:55:161] 导航规划失败 -920.242798,989.385193,321.184631
[2018-08-07 15:16:55:477] 导航规划失败 -920.242798,989.385193,321.184631
[2018-08-07 15:16:55:744] 导航规划失败 -920.242798,989.385193,321.184631
[2018-08-07 15:16:55:951] 退出不重启
[2018-08-07 15:16:55:981] 退出游戏,代码301933108
[2018-08-07 15:37:25:602] 开始脚本
[2018-08-07 15:37:26:169] 导航规划失败 -920.242798,989.385193,321.184631
[2018-08-07 15:37:26:302] 导航规划失败 -920.242798,989.385193,321.184631
[2018-08-07 15:37:26:672] GM密语检测已开启
[2018-08-07 15:37:26:849] 导航规划失败 -920.242798,989.385193,321.184631
[2018-08-07 15:37:26:973] 导航规划失败 -920.242798,989.385193,321.184631
[2018-08-07 15:37:27:099] 导航规划失败 -920.242798,989.385193,321.184631
[2018-08-07 15:37:27:239] 导航规划失败 -920.242798,989.385193,321.184631
[2018-08-07 15:37:27:473] 导航规划失败 -920.242798,989.385193,321.184631
[2018-08-07 15:37:27:706] 导航规划失败 -920.242798,989.385193,321.184631
[2018-08-07 15:37:27:823] 导航规划失败 -920.242798,989.385193,321.184631
[2018-08-07 15:37:27:847] 导航规划失败 -920.242798,989.385193,321.184631
[2018-08-07 15:37:27:869] 导航规划失败 -920.242798,989.385193,321.184631
[2018-08-07 15:37:27:892] 导航规划失败 -920.242798,989.385193,321.184631
[2018-08-07 15:37:27:915] 导航规划失败 -920.242798,989.385193,321.184631
[2018-08-07 15:37:27:939] 导航规划失败 -920.242798,989.385193,321.184631
[2018-08-07 15:37:27:965] 导航规划失败 -920.242798,989.385193,321.184631
[2018-08-07 15:37:27:991] 导航规划失败 -920.242798,989.385193,321.184631
[2018-08-07 15:37:28:241] 导航规划失败 -920.242798,989.385193,321.184631
[2018-08-07 15:37:28:377] 导航规划失败 -920.242798,989.385193,321.184631
[2018-08-07 15:37:28:577] 导航规划失败 -920.242798,989.385193,321.184631
[2018-08-07 15:37:28:810] 导航规划失败 -920.242798,989.385193,321.184631
[2018-08-07 15:37:29:110] 导航规划失败 -920.242798,989.385193,321.184631
[2018-08-07 15:37:29:344] 导航规划失败 -920.242798,989.385193,321.184631
[2018-08-07 15:37:29:694] 导航规划失败 -920.242798,989.385193,321.184631
[2018-08-07 15:37:30:127] 导航规划失败 -920.242798,989.385193,321.184631
[2018-08-07 15:37:30:362] 导航规划失败 -920.242798,989.385193,321.184631
[2018-08-07 15:37:30:628] 导航规划失败 -920.242798,989.385193,321.184631
[2018-08-07 15:37:30:924] 导航规划失败 -920.242798,989.385193,321.184631
[2018-08-07 15:37:31:124] 导航规划失败 -920.242798,989.385193,321.184631
[2018-08-07 15:37:31:192] 导航规划失败 -920.242798,989.385193,321.184631
[2018-08-07 15:37:31:278] 导航规划失败 -920.242798,989.385193,321.184631
[2018-08-07 15:37:31:364] 导航规划失败 -920.242798,989.385193,321.184631
[2018-08-07 15:37:31:382] 退出脚本线程！
[2018-08-07 15:37:31:393] 等待脚本线程关闭
[2018-08-07 15:37:31:419] 监控线程已退出
[2018-08-07 15:37:31:437] 脚本线程已退出
[2018-08-07 15:37:31:673] 等待LUA线程关闭
[2018-08-07 15:37:31:682] 脚本线程已关闭
[2018-08-07 15:37:31:703] 脚本已停止
[2018-08-07 15:37:31:726] 退出登录线程！
[2018-08-07 15:37:43:652] 开始脚本
[2018-08-07 15:38:20:561] -920.025208, 989.128906, 321.183228
[2018-08-07 15:38:26:809] 退出脚本线程！
[2018-08-07 15:38:26:825] 等待脚本线程关闭
[2018-08-07 15:38:26:916] 监控线程已退出
[2018-08-07 15:38:26:949] 脚本线程已退出
[2018-08-07 15:38:27:749] 等待LUA线程关闭
[2018-08-07 15:38:27:760] 脚本线程已关闭
[2018-08-07 15:38:27:782] 脚本已停止
[2018-08-07 15:38:27:815] 退出登录线程！
[2018-08-07 15:39:04:124] 开始脚本
[2018-08-07 15:39:04:458] 导航规划失败 -920.242798,989.385193,321.184631
[2018-08-07 15:39:04:725] 导航规划失败 -920.242798,989.385193,321.184631
[2018-08-07 15:39:05:258] 导航规划失败 -920.242798,989.385193,321.184631
[2018-08-07 15:39:05:497] 导航规划失败 -920.242798,989.385193,321.184631
[2018-08-07 15:39:05:784] 导航规划失败 -920.242798,989.385193,321.184631
[2018-08-07 15:39:05:912] 导航规划失败 -920.242798,989.385193,321.184631
[2018-08-07 15:39:06:024] 导航规划失败 -920.242798,989.385193,321.184631
[2018-08-07 15:39:06:118] 导航规划失败 -920.242798,989.385193,321.184631
[2018-08-07 15:39:06:208] 导航规划失败 -920.242798,989.385193,321.184631
[2018-08-07 15:39:06:311] 导航规划失败 -920.242798,989.385193,321.184631
[2018-08-07 15:39:06:332] 退出脚本线程！
[2018-08-07 15:39:06:352] 等待脚本线程关闭
[2018-08-07 15:39:06:381] 监控线程已退出
[2018-08-07 15:39:06:391] 脚本线程已退出
[2018-08-07 15:39:07:195] 等待LUA线程关闭
[2018-08-07 15:39:07:206] 脚本线程已关闭
[2018-08-07 15:39:07:227] 脚本已停止
[2018-08-07 15:39:07:262] 退出登录线程！
[2018-08-07 15:41:03:216] -1069.079102, 805.348572, 435.332855
[2018-08-07 15:41:07:302] -1044.158569, 805.284607, 435.321686
[2018-08-07 15:41:24:528] -1068.032227, 804.612366, 435.333191
[2018-08-07 15:41:39:436] 开始脚本
[2018-08-07 15:41:39:770] 导航规划失败 -1068.032227,804.612366,435.333191
[2018-08-07 15:41:40:012] 导航规划失败 -1068.032227,804.612366,435.333191
[2018-08-07 15:41:40:482] 导航规划失败 -1068.032227,804.612366,435.333191
[2018-08-07 15:41:40:582] 导航规划失败 -1068.032227,804.612366,435.333191
[2018-08-07 15:41:41:115] 导航规划失败 -1068.032227,804.612366,435.333191
[2018-08-07 15:41:41:615] 导航规划失败 -1068.032227,804.612366,435.333191
[2018-08-07 15:41:41:882] 导航规划失败 -1068.032227,804.612366,435.333191
[2018-08-07 15:41:42:382] 导航规划失败 -1068.032227,804.612366,435.333191
[2018-08-07 15:41:42:649] 退出脚本线程！
[2018-08-07 15:41:42:676] 导航规划失败 -1068.032227,804.612366,435.333191
[2018-08-07 15:41:42:702] 等待脚本线程关闭
[2018-08-07 15:41:42:726] 脚本线程已退出
[2018-08-07 15:41:42:798] 监控线程已退出
[2018-08-07 15:41:43:567] 等待LUA线程关闭
[2018-08-07 15:41:43:614] 脚本线程已关闭
[2018-08-07 15:41:43:670] 脚本已停止
[2018-08-07 15:41:43:703] 退出登录线程！
[2018-08-07 15:41:46:479] -1096.090088, 803.574341, 435.333252
[2018-08-07 15:41:52:965] 开始脚本
[2018-08-07 15:41:53:198] 导航规划失败 -1068.032227,804.612366,435.333191
[2018-08-07 15:41:53:304] 导航规划失败 -1068.032227,804.612366,435.333191
[2018-08-07 15:41:53:609] 导航规划失败 -1068.032227,804.612366,435.333191
[2018-08-07 15:41:53:843] 导航规划失败 -1068.032227,804.612366,435.333191
[2018-08-07 15:41:53:945] 导航规划失败 -1068.032227,804.612366,435.333191
[2018-08-07 15:41:54:036] 导航规划失败 -1068.032227,804.612366,435.333191
[2018-08-07 15:41:54:117] 导航规划失败 -1068.032227,804.612366,435.333191
[2018-08-07 15:41:54:263] 导航规划失败 -1068.032227,804.612366,435.333191
[2018-08-07 15:41:54:393] 导航规划失败 -1068.032227,804.612366,435.333191
[2018-08-07 15:41:54:498] 导航规划失败 -1068.032227,804.612366,435.333191
[2018-08-07 15:41:54:584] 导航规划失败 -1068.032227,804.612366,435.333191
[2018-08-07 15:41:54:708] 导航规划失败 -1068.032227,804.612366,435.333191
[2018-08-07 15:41:54:870] 导航规划失败 -1068.032227,804.612366,435.333191
[2018-08-07 15:41:55:011] 导航规划失败 -1068.032227,804.612366,435.333191
[2018-08-07 15:41:55:137] 导航规划失败 -1068.032227,804.612366,435.333191
[2018-08-07 15:41:55:281] 导航规划失败 -1068.032227,804.612366,435.333191
[2018-08-07 15:41:55:429] 导航规划失败 -1068.032227,804.612366,435.333191
[2018-08-07 15:41:55:595] Lua捕获异常
[2018-08-07 15:41:55:623] stack traceback:
	C:\Users\wz\Documents\WOWCONFIG\scripts\utils\exception.lua:5: in function 'my_traceback'
	...ers\wz\Documents\WOWCONFIG\scripts\utils\wowmovement.lua:136: in field 'Navigator'
	...ers\wz\Documents\WOWCONFIG\scripts\utils\wowmovement.lua:333: in field 'NavigatorTo'
	...s\wz\Documents\WOWCONFIG\scripts\采集\沃顿采集路线一.lua:36: in function <...s\wz\Documents\WOWCONFIG\scripts\采集\沃顿采集路线一.lua:30>
	[C]: in function 'xpcall'
	C:\Users\wz\Documents\WOWCONFIG\Φ[[2018-08-07 15:42:05:089] 脚本线程已退出
[2018-08-07 15:42:05:142] 监控线程已退出
[2018-08-07 15:42:07:135] 退出脚本线程！
[2018-08-07 15:42:07:168] 等待脚本线程关闭
[2018-08-07 15:42:07:177] 等待LUA线程关闭
[2018-08-07 15:42:07:202] 脚本线程已关闭
[2018-08-07 15:42:07:214] 脚本已停止
[2018-08-07 15:42:07:235] 退出登录线程！
[2018-08-07 15:42:08:235] 开始脚本
[2018-08-07 15:42:08:468] Lua捕获异常
[2018-08-07 15:42:08:517] stack traceback:
	C:\Users\wz\Documents\WOWCONFIG\scripts\utils\exception.lua:5: in function 'my_traceback'
	...ers\wz\Documents\WOWCONFIG\scripts\utils\wowmovement.lua:136: in field 'Navigator'
	...ers\wz\Documents\WOWCONFIG\scripts\utils\wowmovement.lua:333: in field 'NavigatorTo'
	...s\wz\Documents\WOWCONFIG\scripts\采集\沃顿采集路线一.lua:36: in function <...s\wz\Documents\WOWCONFIG\scripts\采集\沃顿采集路线一.lua:30>
	[C]: in function 'xpcall'
	C:\Users\wz\Documents\WOWCONFIG\Φ[[2018-08-07 15:42:12:317] 脚本线程已退出
[2018-08-07 15:42:12:327] 监控线程已退出
[2018-08-07 15:42:13:317] 退出脚本线程！
[2018-08-07 15:42:13:350] 等待脚本线程关闭
[2018-08-07 15:42:13:365] 等待LUA线程关闭
[2018-08-07 15:42:13:387] 脚本线程已关闭
[2018-08-07 15:42:13:420] 脚本已停止
[2018-08-07 15:42:13:454] 退出登录线程！
[2018-08-07 15:42:24:478] 开始脚本
[2018-08-07 15:42:24:744] 导航规划失败 -1096.090088,803.574341,435.333252
[2018-08-07 15:42:24:844] 导航规划失败 -1096.090088,803.574341,435.333252
[2018-08-07 15:42:25:144] 导航规划失败 -1096.090088,803.574341,435.333252
[2018-08-07 15:42:25:444] 导航规划失败 -1096.090088,803.574341,435.333252
[2018-08-07 15:42:25:644] 导航规划失败 -1096.090088,803.574341,435.333252
[2018-08-07 15:42:25:944] 导航规划失败 -1096.090088,803.574341,435.333252
[2018-08-07 15:42:26:178] 导航规划失败 -1096.090088,803.574341,435.333252
[2018-08-07 15:42:26:411] 导航规划失败 -1096.090088,803.574341,435.333252
[2018-08-07 15:42:26:680] 导航规划失败 -1096.090088,803.574341,435.333252
[2018-08-07 15:42:26:946] 导航规划失败 -1096.090088,803.574341,435.333252
[2018-08-07 15:42:27:080] 导航规划失败 -1096.090088,803.574341,435.333252
[2018-08-07 15:42:27:246] 导航规划失败 -1096.090088,803.574341,435.333252
[2018-08-07 15:42:27:413] 导航规划失败 -1096.090088,803.574341,435.333252
[2018-08-07 15:42:27:513] 导航规划失败 -1096.090088,803.574341,435.333252
[2018-08-07 15:42:27:713] 导航规划失败 -1096.090088,803.574341,435.333252
[2018-08-07 15:42:27:782] 导航规划失败 -1096.090088,803.574341,435.333252
[2018-08-07 15:42:27:982] 导航规划失败 -1096.090088,803.574341,435.333252
[2018-08-07 15:42:28:218] 导航规划失败 -1096.090088,803.574341,435.333252
[2018-08-07 15:42:28:551] 导航规划失败 -1096.090088,803.574341,435.333252
[2018-08-07 15:42:28:800] 导航规划失败 -1096.090088,803.574341,435.333252
[2018-08-07 15:42:28:999] 导航规划失败 -1096.090088,803.574341,435.333252
[2018-08-07 15:42:29:199] 导航规划失败 -1096.090088,803.574341,435.333252
[2018-08-07 15:42:29:474] 导航规划失败 -1096.090088,803.574341,435.333252
[2018-08-07 15:42:29:734] 导航规划失败 -1096.090088,803.574341,435.333252
[2018-08-07 15:42:29:834] 退出脚本线程！
[2018-08-07 15:42:29:867] 等待脚本线程关闭
[2018-08-07 15:42:29:901] 监控线程已退出
[2018-08-07 15:42:29:934] 脚本线程已退出
[2018-08-07 15:42:30:601] 等待LUA线程关闭
[2018-08-07 15:42:30:629] 脚本线程已关闭
[2018-08-07 15:42:30:656] 脚本已停止
[2018-08-07 15:42:30:689] 退出登录线程！
[2018-08-07 15:42:40:661] 开始脚本
[2018-08-07 15:42:40:994] 导航规划失败 -1096.090088,803.574341,435.333252
[2018-08-07 15:42:41:261] 导航规划失败 -1096.090088,803.574341,435.333252
[2018-08-07 15:42:41:728] 导航规划失败 -1096.090088,803.574341,435.333252
[2018-08-07 15:42:41:894] 导航规划失败 -1096.090088,803.574341,435.333252
[2018-08-07 15:42:42:294] 导航规划失败 -1096.090088,803.574341,435.333252
[2018-08-07 15:42:42:485] 导航规划失败 -1096.090088,803.574341,435.333252
[2018-08-07 15:42:42:599] 导航规划失败 -1096.090088,803.574341,435.333252
[2018-08-07 15:42:42:717] 导航规划失败 -1096.090088,803.574341,435.333252
[2018-08-07 15:42:42:846] 导航规划失败 -1096.090088,803.574341,435.333252
[2018-08-07 15:42:42:927] 导航规划失败 -1096.090088,803.574341,435.333252
[2018-08-07 15:42:43:045] 导航规划失败 -1096.090088,803.574341,435.333252
[2018-08-07 15:42:43:149] 导航规划失败 -1096.090088,803.574341,435.333252
[2018-08-07 15:42:43:238] 导航规划失败 -1096.090088,803.574341,435.333252
[2018-08-07 15:42:43:345] 导航规划失败 -1096.090088,803.574341,435.333252
[2018-08-07 15:42:43:451] 导航规划失败 -1096.090088,803.574341,435.333252
[2018-08-07 15:42:43:554] 导航规划失败 -1096.090088,803.574341,435.333252
[2018-08-07 15:42:43:696] 导航规划失败 -1096.090088,803.574341,435.333252
[2018-08-07 15:42:43:839] 导航规划失败 -1096.090088,803.574341,435.333252
[2018-08-07 15:42:43:934] 导航规划失败 -1096.090088,803.574341,435.333252
[2018-08-07 15:42:44:102] 导航规划失败 -1096.090088,803.574341,435.333252
[2018-08-07 15:42:44:298] 导航规划失败 -1096.090088,803.574341,435.333252
[2018-08-07 15:42:44:524] 导航规划失败 -1096.090088,803.574341,435.333252
[2018-08-07 15:42:44:637] 导航规划失败 -1096.090088,803.574341,435.333252
[2018-08-07 15:42:44:765] 导航规划失败 -1096.090088,803.574341,435.333252
[2018-08-07 15:42:44:878] 导航规划失败 -1096.090088,803.574341,435.333252
[2018-08-07 15:42:44:952] 导航规划失败 -1096.090088,803.574341,435.333252
[2018-08-07 15:42:45:075] 导航规划失败 -1096.090088,803.574341,435.333252
[2018-08-07 15:42:45:234] 导航规划失败 -1096.090088,803.574341,435.333252
[2018-08-07 15:42:45:443] 导航规划失败 -1096.090088,803.574341,435.333252
[2018-08-07 15:42:45:650] 导航规划失败 -1096.090088,803.574341,435.333252
[2018-08-07 15:42:45:845] 导航规划失败 -1096.090088,803.574341,435.333252
[2018-08-07 15:42:45:980] 导航规划失败 -1096.090088,803.574341,435.333252
[2018-08-07 15:42:46:067] 导航规划失败 -1096.090088,803.574341,435.333252
[2018-08-07 15:42:46:263] 导航规划失败 -1096.090088,803.574341,435.333252
[2018-08-07 15:42:46:385] 导航规划失败 -1096.090088,803.574341,435.333252
[2018-08-07 15:42:46:508] 导航规划失败 -1096.090088,803.574341,435.333252
[2018-08-07 15:42:46:714] 导航规划失败 -1096.090088,803.574341,435.333252
[2018-08-07 15:42:46:885] 导航规划失败 -1096.090088,803.574341,435.333252
[2018-08-07 15:42:47:041] 导航规划失败 -1096.090088,803.574341,435.333252
[2018-08-07 15:42:47:241] 导航规划失败 -1096.090088,803.574341,435.333252
[2018-08-07 15:42:47:580] 导航规划失败 -1096.090088,803.574341,435.333252
[2018-08-07 15:42:47:847] 导航规划失败 -1096.090088,803.574341,435.333252
[2018-08-07 15:42:48:081] 退出脚本线程！
[2018-08-07 15:42:48:114] 等待脚本线程关闭
[2018-08-07 15:42:48:120] 导航规划失败 -1096.090088,803.574341,435.333252
[2018-08-07 15:42:48:147] 脚本线程已退出
[2018-08-07 15:42:48:214] 监控线程已退出
[2018-08-07 15:42:48:780] 等待LUA线程关闭
[2018-08-07 15:42:48:793] 脚本线程已关闭
[2018-08-07 15:42:48:839] 脚本已停止
[2018-08-07 15:42:48:872] 退出登录线程！
[2018-08-07 15:42:51:644] 开始脚本
[2018-08-07 15:42:51:911] 导航规划失败 -1068.032227,804.612366,435.333191
[2018-08-07 15:42:52:044] 导航规划失败 -1068.032227,804.612366,435.333191
[2018-08-07 15:42:52:378] 导航规划失败 -1068.032227,804.612366,435.333191
[2018-08-07 15:42:52:611] 导航规划失败 -1068.032227,804.612366,435.333191
[2018-08-07 15:42:52:811] 导航规划失败 -1068.032227,804.612366,435.333191
[2018-08-07 15:42:53:018] 导航规划失败 -1068.032227,804.612366,435.333191
[2018-08-07 15:42:53:273] 导航规划失败 -1068.032227,804.612366,435.333191
[2018-08-07 15:42:53:540] 导航规划失败 -1068.032227,804.612366,435.333191
[2018-08-07 15:42:53:607] 导航规划失败 -1068.032227,804.612366,435.333191
[2018-08-07 15:42:53:773] 导航规划失败 -1068.032227,804.612366,435.333191
[2018-08-07 15:42:53:874] 导航规划失败 -1068.032227,804.612366,435.333191
[2018-08-07 15:42:54:007] 导航规划失败 -1068.032227,804.612366,435.333191
[2018-08-07 15:42:54:140] 导航规划失败 -1068.032227,804.612366,435.333191
[2018-08-07 15:42:54:307] 导航规划失败 -1068.032227,804.612366,435.333191
[2018-08-07 15:42:54:474] 导航规划失败 -1068.032227,804.612366,435.333191
[2018-08-07 15:42:54:552] 导航规划失败 -1068.032227,804.612366,435.333191
[2018-08-07 15:42:54:636] 导航规划失败 -1068.032227,804.612366,435.333191
[2018-08-07 15:42:54:706] 导航规划失败 -1068.032227,804.612366,435.333191
[2018-08-07 15:42:54:825] 导航规划失败 -1068.032227,804.612366,435.333191
[2018-08-07 15:42:54:920] 导航规划失败 -1068.032227,804.612366,435.333191
[2018-08-07 15:42:55:046] 导航规划失败 -1068.032227,804.612366,435.333191
[2018-08-07 15:42:55:194] 导航规划失败 -1068.032227,804.612366,435.333191
[2018-08-07 15:42:55:295] 导航规划失败 -1068.032227,804.612366,435.333191
[2018-08-07 15:42:55:420] 导航规划失败 -1068.032227,804.612366,435.333191
[2018-08-07 15:42:55:547] 导航规划失败 -1068.032227,804.612366,435.333191
[2018-08-07 15:42:55:677] 导航规划失败 -1068.032227,804.612366,435.333191
[2018-08-07 15:42:55:831] 导航规划失败 -1068.032227,804.612366,435.333191
[2018-08-07 15:42:55:951] 导航规划失败 -1068.032227,804.612366,435.333191
[2018-08-07 15:42:56:071] 导航规划失败 -1068.032227,804.612366,435.333191
[2018-08-07 15:42:56:159] 导航规划失败 -1068.032227,804.612366,435.333191
[2018-08-07 15:42:56:247] 导航规划失败 -1068.032227,804.612366,435.333191
[2018-08-07 15:42:56:298] 导航规划失败 -1068.032227,804.612366,435.333191
[2018-08-07 15:42:56:388] 导航规划失败 -1068.032227,804.612366,435.333191
[2018-08-07 15:42:56:479] 导航规划失败 -1068.032227,804.612366,435.333191
[2018-08-07 15:42:56:647] 导航规划失败 -1068.032227,804.612366,435.333191
[2018-08-07 15:42:56:796] 导航规划失败 -1068.032227,804.612366,435.333191
[2018-08-07 15:42:56:941] 导航规划失败 -1068.032227,804.612366,435.333191
[2018-08-07 15:42:57:035] 导航规划失败 -1068.032227,804.612366,435.333191
[2018-08-07 15:42:57:162] 导航规划失败 -1068.032227,804.612366,435.333191
[2018-08-07 15:42:57:306] 导航规划失败 -1068.032227,804.612366,435.333191
[2018-08-07 15:42:57:401] 导航规划失败 -1068.032227,804.612366,435.333191
[2018-08-07 15:42:57:458] 导航规划失败 -1068.032227,804.612366,435.333191
[2018-08-07 15:42:57:589] 导航规划失败 -1068.032227,804.612366,435.333191
[2018-08-07 15:42:57:726] 导航规划失败 -1068.032227,804.612366,435.333191
[2018-08-07 15:42:57:875] 导航规划失败 -1068.032227,804.612366,435.333191
[2018-08-07 15:42:57:964] 导航规划失败 -1068.032227,804.612366,435.333191
[2018-08-07 15:42:58:032] 导航规划失败 -1068.032227,804.612366,435.333191
[2018-08-07 15:42:58:090] 导航规划失败 -1068.032227,804.612366,435.333191
[2018-08-07 15:42:58:159] 导航规划失败 -1068.032227,804.612366,435.333191
[2018-08-07 15:42:58:207] 导航规划失败 -1068.032227,804.612366,435.333191
[2018-08-07 15:42:58:245] 导航规划失败 -1068.032227,804.612366,435.333191
[2018-08-07 15:42:58:323] 导航规划失败 -1068.032227,804.612366,435.333191
[2018-08-07 15:42:58:391] 导航规划失败 -1068.032227,804.612366,435.333191
[2018-08-07 15:42:58:439] 导航规划失败 -1068.032227,804.612366,435.333191
[2018-08-07 15:42:58:476] Lua捕获异常
[2018-08-07 15:42:58:493] stack traceback:
	C:\Users\wz\Documents\WOWCONFIG\scripts\utils\exception.lua:5: in function 'my_traceback'
	...ers\wz\Documents\WOWCONFIG\scripts\utils\wowmovement.lua:136: in field 'Navigator'
	...ers\wz\Documents\WOWCONFIG\scripts\utils\wowmovement.lua:333: in field 'NavigatorTo'
	...s\wz\Documents\WOWCONFIG\scripts\采集\沃顿采集路线一.lua:36: in function <...s\wz\Documents\WOWCONFIG\scripts\采集\沃顿采集路线一.lua:30>
	[C]: in function 'xpcall'
	C:\Users\wz\Documents\WOWCONFIG\Φ[[2018-08-07 15:43:36:995] 脚本线程已退出
[2018-08-07 15:43:37:195] 监控线程已退出
[2018-08-07 15:43:39:162] 退出脚本线程！
[2018-08-07 15:43:39:221] 等待脚本线程关闭
[2018-08-07 15:43:39:236] 等待LUA线程关闭
[2018-08-07 15:43:39:247] 脚本线程已关闭
[2018-08-07 15:43:39:269] 脚本已停止
[2018-08-07 15:43:39:302] 退出登录线程！
[2018-08-07 15:43:40:102] 开始脚本
[2018-08-07 15:43:40:335] nil
[2018-08-07 15:43:40:381] Lua捕获异常
[2018-08-07 15:43:40:414] stack traceback:
	C:\Users\wz\Documents\WOWCONFIG\scripts\utils\exception.lua:5: in function 'my_traceback'
	...ers\wz\Documents\WOWCONFIG\scripts\utils\wowmovement.lua:137: in field 'Navigator'
	...ers\wz\Documents\WOWCONFIG\scripts\utils\wowmovement.lua:334: in field 'NavigatorTo'
	...s\wz\Documents\WOWCONFIG\scripts\采集\沃顿采集路线一.lua:36: in function <...s\wz\Documents\WOWCONFIG\scripts\采集\沃顿采集路线一.lua:30>
	[C]: in function 'xpcall'
	C:\Users\wz\Documents\WOWCONFIG\Φ[[2018-08-07 15:43:45:291] 脚本线程已退出
[2018-08-07 15:43:45:301] 监控线程已退出
[2018-08-07 15:43:46:191] 退出脚本线程！
[2018-08-07 15:43:46:224] 等待脚本线程关闭
[2018-08-07 15:43:46:234] 等待LUA线程关闭
[2018-08-07 15:43:46:244] 脚本线程已关闭
[2018-08-07 15:43:46:265] 脚本已停止
[2018-08-07 15:43:46:298] 退出登录线程！
[2018-08-07 15:44:13:677] 开始脚本
[2018-08-07 15:44:18:851] 导航规划失败 -1068.032227,804.612366,435.333191
[2018-08-07 15:44:18:991] 导航规划失败 -1068.032227,804.612366,435.333191
[2018-08-07 15:44:19:073] 导航规划失败 -1068.032227,804.612366,435.333191
[2018-08-07 15:44:19:165] 导航规划失败 -1068.032227,804.612366,435.333191
[2018-08-07 15:44:19:286] 导航规划失败 -1068.032227,804.612366,435.333191
[2018-08-07 15:44:19:435] 导航规划失败 -1068.032227,804.612366,435.333191
[2018-08-07 15:44:19:496] 导航规划失败 -1068.032227,804.612366,435.333191
[2018-08-07 15:44:19:617] 导航规划失败 -1068.032227,804.612366,435.333191
[2018-08-07 15:44:19:729] 导航规划失败 -1068.032227,804.612366,435.333191
[2018-08-07 15:44:19:843] 导航规划失败 -1068.032227,804.612366,435.333191
[2018-08-07 15:44:19:936] 导航规划失败 -1068.032227,804.612366,435.333191
[2018-08-07 15:44:20:025] 导航规划失败 -1068.032227,804.612366,435.333191
[2018-08-07 15:44:20:096] 导航规划失败 -1068.032227,804.612366,435.333191
[2018-08-07 15:44:20:204] 导航规划失败 -1068.032227,804.612366,435.333191
[2018-08-07 15:44:20:329] 导航规划失败 -1068.032227,804.612366,435.333191
[2018-08-07 15:44:20:534] 导航规划失败 -1068.032227,804.612366,435.333191
[2018-08-07 15:44:20:719] 导航规划失败 -1068.032227,804.612366,435.333191
[2018-08-07 15:44:20:899] 导航规划失败 -1068.032227,804.612366,435.333191
[2018-08-07 15:44:21:053] 导航规划失败 -1068.032227,804.612366,435.333191
[2018-08-07 15:44:21:128] 导航规划失败 -1068.032227,804.612366,435.333191
[2018-08-07 15:44:21:316] 导航规划失败 -1068.032227,804.612366,435.333191
[2018-08-07 15:44:21:551] 导航规划失败 -1068.032227,804.612366,435.333191
[2018-08-07 15:44:21:771] 导航规划失败 -1068.032227,804.612366,435.333191
[2018-08-07 15:44:22:007] 导航规划失败 -1068.032227,804.612366,435.333191
[2018-08-07 15:44:22:074] 退出脚本线程！
[2018-08-07 15:44:22:086] 等待脚本线程关闭
[2018-08-07 15:44:22:145] 监控线程已退出
[2018-08-07 15:44:22:178] 脚本线程已退出
[2018-08-07 15:44:22:778] 等待LUA线程关闭
[2018-08-07 15:44:22:781] 脚本线程已关闭
[2018-08-07 15:44:22:811] 脚本已停止
[2018-08-07 15:44:22:844] 退出登录线程！
[2018-08-07 15:47:18:860] 30_34
[2018-08-07 15:51:21:297] 30_33
[2018-08-07 15:51:25:822] 30_33
[2018-08-07 15:51:27:845] 30_34
[2018-08-07 15:52:46:956] 开始脚本
[2018-08-07 15:52:47:423] 导航规划失败 -945.026123,1025.405762,321.225555
[2018-08-07 15:52:59:526] 退出脚本线程！
[2018-08-07 15:52:59:559] 等待脚本线程关闭
[2018-08-07 15:52:59:626] 监控线程已退出
[2018-08-07 15:52:59:659] 脚本线程已退出
[2018-08-07 15:53:00:059] 等待LUA线程关闭
[2018-08-07 15:53:00:064] 脚本线程已关闭
[2018-08-07 15:53:00:093] 脚本已停止
[2018-08-07 15:53:00:126] 退出登录线程！
[2018-08-07 15:53:00:826] 开始脚本
[2018-08-07 15:53:33:683] 还任务[芳香花粉]
[2018-08-07 15:53:39:717] 退出脚本线程！
[2018-08-07 15:53:39:751] 等待脚本线程关闭
[2018-08-07 15:53:39:759] 监控线程已退出
[2018-08-07 15:53:39:784] 脚本线程已退出
[2018-08-07 15:53:39:917] 等待LUA线程关闭
[2018-08-07 15:53:39:935] 脚本线程已关闭
[2018-08-07 15:53:39:974] 脚本已停止
[2018-08-07 15:53:39:983] 退出登录线程！
[2018-08-07 15:55:53:171] 暗影战争[51771]抗魔联军[48641]深入黑暗[47105]达拉然肯瑞托[43179]瓦拉加尔[42234]名师出高徒[51448]
[2018-08-07 16:09:26:538] 祖尔加，纳兹米尔, nil, nil, nil, nil, nil, nil, nil, nil, nil, nil, nil, nil, nil, nil, nil, nil, nil, nil, nil, nil, nil, nil, nil, nil, nil, nil, nil, nil, nil, nil, nil, nil, nil, nil, nil, nil, nil, nil, nil, nil, nil, nil, nil, nil, nil, nil, nil, nil, nil
[2018-08-07 16:09:39:545] 佐巴尔废墟，纳兹米尔, nil, nil, nil, nil, nil, nil, nil, nil, nil, nil, nil, nil, nil, nil, nil, nil, nil, nil, nil, nil, nil, nil, nil, nil, nil, nil, nil, nil, nil, nil, nil, nil, nil, nil, nil, nil, nil, nil, nil, nil, nil, nil, nil, nil, nil, nil, nil, nil, nil
[2018-08-07 16:09:44:419] 林荫巨木，纳兹米尔, nil, nil, nil, nil, nil, nil, nil, nil, nil, nil, nil, nil, nil, nil, nil, nil, nil, nil, nil, nil, nil, nil, nil, nil, nil, nil, nil, nil, nil, nil, nil, nil, nil, nil, nil, nil, nil, nil, nil, nil, nil, nil, nil, nil, nil, nil, nil, nil, nil
[2018-08-07 16:10:02:069] 3, nil, nil, nil, nil, nil, nil, nil, nil, nil, nil, nil, nil, nil, nil, nil, nil, nil, nil, nil, nil, nil, nil, nil, nil, nil, nil, nil, nil, nil, nil, nil, nil, nil, nil, nil, nil, nil, nil, nil, nil, nil, nil, nil, nil, nil, nil, nil, nil, nil
[2018-08-07 16:10:06:276] 0, nil, nil, nil, nil, nil, nil, nil, nil, nil, nil, nil, nil, nil, nil, nil, nil, nil, nil, nil, nil, nil, nil, nil, nil, nil, nil, nil, nil, nil, nil, nil, nil, nil, nil, nil, nil, nil, nil, nil, nil, nil, nil, nil, nil, nil, nil, nil, nil, nil
[2018-08-07 16:10:10:252] 1, nil, nil, nil, nil, nil, nil, nil, nil, nil, nil, nil, nil, nil, nil, nil, nil, nil, nil, nil, nil, nil, nil, nil, nil, nil, nil, nil, nil, nil, nil, nil, nil, nil, nil, nil, nil, nil, nil, nil, nil, nil, nil, nil, nil, nil, nil, nil, nil, nil
[2018-08-07 16:10:20:785] 先知神殿，祖达萨, nil, nil, nil, nil, nil, nil, nil, nil, nil, nil, nil, nil, nil, nil, nil, nil, nil, nil, nil, nil, nil, nil, nil, nil, nil, nil, nil, nil, nil, nil, nil, nil, nil, nil, nil, nil, nil, nil, nil, nil, nil, nil, nil, nil, nil, nil, nil, nil, nil
[2018-08-07 17:39:15:405] 开始脚本
[2018-08-07 17:39:15:984] 导航规划失败 -1068.032227,804.612366,435.333191
[2018-08-07 17:39:16:151] 导航规划失败 -1068.032227,804.612366,435.333191
[2018-08-07 17:39:16:551] GM密语检测已开启
[2018-08-07 17:39:16:584] 导航规划失败 -1068.032227,804.612366,435.333191
[2018-08-07 17:39:16:904] 导航规划失败 -1068.032227,804.612366,435.333191
[2018-08-07 17:39:16:959] 导航规划失败 -1068.032227,804.612366,435.333191
[2018-08-07 17:39:17:326] 导航规划失败 -1068.032227,804.612366,435.333191
[2018-08-07 17:39:17:659] 导航规划失败 -1068.032227,804.612366,435.333191
[2018-08-07 17:39:17:892] 导航规划失败 -1068.032227,804.612366,435.333191
[2018-08-07 17:39:18:192] 导航规划失败 -1068.032227,804.612366,435.333191
[2018-08-07 17:39:18:559] 导航规划失败 -1068.032227,804.612366,435.333191
[2018-08-07 17:39:18:897] 导航规划失败 -1068.032227,804.612366,435.333191
[2018-08-07 17:39:19:163] 导航规划失败 -1068.032227,804.612366,435.333191
[2018-08-07 17:39:19:197] 退出脚本线程！
[2018-08-07 17:39:19:204] 等待脚本线程关闭
[2018-08-07 17:39:19:297] 监控线程已退出
[2018-08-07 17:39:19:330] 脚本线程已退出
[2018-08-07 17:39:19:530] 等待LUA线程关闭
[2018-08-07 17:39:19:545] 脚本线程已关闭
[2018-08-07 17:39:19:578] 脚本已停止
[2018-08-07 17:39:19:611] 退出登录线程！
[2018-08-07 17:50:48:058] 开始脚本
[2018-08-07 17:50:48:358] 导航规划失败 -1068.032227,804.612366,435.333191
[2018-08-07 17:50:48:558] 导航规划失败 -1068.032227,804.612366,435.333191
[2018-08-07 17:50:48:807] 导航规划失败 -1068.032227,804.612366,435.333191
[2018-08-07 17:50:49:091] 导航规划失败 -1068.032227,804.612366,435.333191
[2018-08-07 17:50:49:100] GM密语检测已开启
[2018-08-07 17:50:49:238] 导航规划失败 -1068.032227,804.612366,435.333191
[2018-08-07 17:50:49:704] 导航规划失败 -1068.032227,804.612366,435.333191
[2018-08-07 17:50:50:110] 导航规划失败 -1068.032227,804.612366,435.333191
[2018-08-07 17:50:50:343] 导航规划失败 -1068.032227,804.612366,435.333191
[2018-08-07 17:50:50:843] 导航规划失败 -1068.032227,804.612366,435.333191
[2018-08-07 17:50:51:210] 导航规划失败 -1068.032227,804.612366,435.333191
[2018-08-07 17:50:51:510] 导航规划失败 -1068.032227,804.612366,435.333191
[2018-08-07 17:50:51:910] 导航规划失败 -1068.032227,804.612366,435.333191
[2018-08-07 17:50:52:243] 导航规划失败 -1068.032227,804.612366,435.333191
[2018-08-07 17:50:52:254] 退出脚本线程！
[2018-08-07 17:50:52:269] 等待脚本线程关闭
[2018-08-07 17:50:52:361] 监控线程已退出
[2018-08-07 17:50:52:364] 脚本线程已退出
[2018-08-07 17:50:53:127] 等待LUA线程关闭
[2018-08-07 17:50:53:139] 脚本线程已关闭
[2018-08-07 17:50:53:161] 脚本已停止
[2018-08-07 17:50:53:194] 退出登录线程！
[2018-08-07 17:50:56:534] -1091.047607, 803.488464, 435.333191
[2018-08-07 17:54:31:369] 开始脚本
[2018-08-07 17:54:31:845] 导航规划失败 -1068.032227,804.612366,435.333191
[2018-08-07 17:54:32:078] 导航规划失败 -1068.032227,804.612366,435.333191
[2018-08-07 17:54:32:412] GM密语检测已开启
[2018-08-07 17:54:32:445] 导航规划失败 -1068.032227,804.612366,435.333191
[2018-08-07 17:54:32:859] 导航规划失败 -1068.032227,804.612366,435.333191
[2018-08-07 17:54:33:093] 导航规划失败 -1068.032227,804.612366,435.333191
[2018-08-07 17:54:33:459] 导航规划失败 -1068.032227,804.612366,435.333191
[2018-08-07 17:54:33:870] 导航规划失败 -1068.032227,804.612366,435.333191
[2018-08-07 17:54:33:985] 导航规划失败 -1068.032227,804.612366,435.333191
[2018-08-07 17:54:34:116] 导航规划失败 -1068.032227,804.612366,435.333191
[2018-08-07 17:54:34:209] 导航规划失败 -1068.032227,804.612366,435.333191
[2018-08-07 17:54:34:313] 导航规划失败 -1068.032227,804.612366,435.333191
[2018-08-07 17:54:34:480] 导航规划失败 -1068.032227,804.612366,435.333191
[2018-08-07 17:54:34:679] 导航规划失败 -1068.032227,804.612366,435.333191
[2018-08-07 17:54:34:846] 导航规划失败 -1068.032227,804.612366,435.333191
[2018-08-07 17:54:34:946] 导航规划失败 -1068.032227,804.612366,435.333191
[2018-08-07 17:54:35:173] 导航规划失败 -1068.032227,804.612366,435.333191
[2018-08-07 17:54:35:199] 导航规划失败 -1068.032227,804.612366,435.333191
[2018-08-07 17:54:35:285] 导航规划失败 -1068.032227,804.612366,435.333191
[2018-08-07 17:54:35:652] 导航规划失败 -1068.032227,804.612366,435.333191
[2018-08-07 17:54:35:952] 导航规划失败 -1068.032227,804.612366,435.333191
[2018-08-07 17:54:36:152] 导航规划失败 -1068.032227,804.612366,435.333191
[2018-08-07 17:54:36:418] 导航规划失败 -1068.032227,804.612366,435.333191
[2018-08-07 17:54:36:652] 导航规划失败 -1068.032227,804.612366,435.333191
[2018-08-07 17:54:37:026] 导航规划失败 -1068.032227,804.612366,435.333191
[2018-08-07 17:54:37:193] 导航规划失败 -1068.032227,804.612366,435.333191
[2018-08-07 17:54:37:276] 导航规划失败 -1068.032227,804.612366,435.333191
[2018-08-07 17:54:37:297] 导航规划失败 -1068.032227,804.612366,435.333191
[2018-08-07 17:54:37:319] 导航规划失败 -1068.032227,804.612366,435.333191
[2018-08-07 17:54:37:342] 导航规划失败 -1068.032227,804.612366,435.333191
[2018-08-07 17:54:37:363] 导航规划失败 -1068.032227,804.612366,435.333191
[2018-08-07 17:54:37:386] 导航规划失败 -1068.032227,804.612366,435.333191
[2018-08-07 17:54:37:409] 导航规划失败 -1068.032227,804.612366,435.333191
[2018-08-07 17:54:37:531] 导航规划失败 -1068.032227,804.612366,435.333191
[2018-08-07 17:54:37:931] 导航规划失败 -1068.032227,804.612366,435.333191
[2018-08-07 17:54:38:197] 导航规划失败 -1068.032227,804.612366,435.333191
[2018-08-07 17:54:38:597] 导航规划失败 -1068.032227,804.612366,435.333191
[2018-08-07 17:54:38:906] 导航规划失败 -1068.032227,804.612366,435.333191
[2018-08-07 17:54:39:173] 导航规划失败 -1068.032227,804.612366,435.333191
[2018-08-07 17:54:39:533] 导航规划失败 -1068.032227,804.612366,435.333191
[2018-08-07 17:54:39:799] 导航规划失败 -1068.032227,804.612366,435.333191
[2018-08-07 17:54:40:033] 导航规划失败 -1068.032227,804.612366,435.333191
[2018-08-07 17:54:40:233] 退出脚本线程！
[2018-08-07 17:54:40:244] 导航规划失败 -1068.032227,804.612366,435.333191
[2018-08-07 17:54:40:254] 等待脚本线程关闭
[2018-08-07 17:54:40:265] 脚本线程已退出
[2018-08-07 17:54:40:322] 监控线程已退出
[2018-08-07 17:54:40:422] 等待LUA线程关闭
[2018-08-07 17:54:40:459] 脚本线程已关闭
[2018-08-07 17:54:40:503] 脚本已停止
[2018-08-07 17:54:40:547] 退出登录线程！
[2018-08-07 17:54:45:367] -1091.047607, 803.488464, 435.333191
[2018-08-07 17:55:07:439] 开始脚本
[2018-08-07 17:55:07:729] 导航规划失败 -1091.047607,803.488464,435.333191
[2018-08-07 17:55:07:829] 导航规划失败 -1091.047607,803.488464,435.333191
[2018-08-07 17:55:08:229] 导航规划失败 -1091.047607,803.488464,435.333191
[2018-08-07 17:55:08:596] 导航规划失败 -1091.047607,803.488464,435.333191
[2018-08-07 17:55:08:728] 导航规划失败 -1091.047607,803.488464,435.333191
[2018-08-07 17:55:09:100] 导航规划失败 -1091.047607,803.488464,435.333191
[2018-08-07 17:55:09:467] 导航规划失败 -1091.047607,803.488464,435.333191
[2018-08-07 17:55:09:700] 导航规划失败 -1091.047607,803.488464,435.333191
[2018-08-07 17:55:09:731] 退出脚本线程！
[2018-08-07 17:55:09:762] 等待脚本线程关闭
[2018-08-07 17:55:09:823] 监控线程已退出
[2018-08-07 17:55:09:856] 脚本线程已退出
[2018-08-07 17:55:10:590] 等待LUA线程关闭
[2018-08-07 17:55:10:610] 脚本线程已关闭
[2018-08-07 17:55:10:651] 脚本已停止
[2018-08-07 17:55:10:684] 退出登录线程！
[2018-08-07 18:03:17:260] -1033.181519, 814.408203, 435.329987
[2018-08-07 18:03:41:160] 开始脚本
[2018-08-07 18:03:41:527] 导航规划失败 -1033.181519,814.408203,435.329987
[2018-08-07 18:03:41:760] 导航规划失败 -1033.181519,814.408203,435.329987
[2018-08-07 18:03:42:280] 导航规划失败 -1033.181519,814.408203,435.329987
[2018-08-07 18:03:42:426] 导航规划失败 -1033.181519,814.408203,435.329987
[2018-08-07 18:03:42:865] 导航规划失败 -1033.181519,814.408203,435.329987
[2018-08-07 18:03:43:165] 导航规划失败 -1033.181519,814.408203,435.329987
[2018-08-07 18:03:43:353] 退出脚本线程！
[2018-08-07 18:03:43:396] 等待脚本线程关闭
[2018-08-07 18:03:43:423] 脚本线程已退出
[2018-08-07 18:03:43:494] 监控线程已退出
[2018-08-07 18:03:44:294] 等待LUA线程关闭
[2018-08-07 18:03:44:332] 脚本线程已关闭
[2018-08-07 18:03:44:386] 脚本已停止
[2018-08-07 18:03:44:422] 退出登录线程！
[2018-08-07 18:04:24:465] 开始脚本
[2018-08-07 18:04:25:565] GM密语检测已开启
[2018-08-07 18:04:33:168] 退出脚本线程！
[2018-08-07 18:04:33:171] 等待脚本线程关闭
[2018-08-07 18:04:33:268] 监控线程已退出
[2018-08-07 18:04:33:301] 脚本线程已退出
[2018-08-07 18:04:33:567] 等待LUA线程关闭
[2018-08-07 18:04:33:571] 脚本线程已关闭
[2018-08-07 18:04:33:601] 脚本已停止
[2018-08-07 18:04:33:640] 退出登录线程！
[2018-08-07 18:04:45:902] 开始脚本
[2018-08-07 18:08:30:959] 退出脚本线程！
[2018-08-07 18:08:30:964] 等待脚本线程关闭
[2018-08-07 18:08:31:026] 监控线程已退出
[2018-08-07 18:08:31:059] 脚本线程已退出
[2018-08-07 18:08:31:159] 等待LUA线程关闭
[2018-08-07 18:08:31:164] 脚本线程已关闭
[2018-08-07 18:08:31:192] 脚本已停止
[2018-08-07 18:08:31:226] 退出登录线程！
[2018-08-07 18:19:09:381] 开始脚本
[2018-08-07 18:19:10:481] GM密语检测已开启
[2018-08-07 18:19:14:065] 1664626793608
[2018-08-07 18:19:14:067] 名字:帕库追随者洛科塔, 基址:183937D1C88，距离:57.687923, Entry:122689,  位置:-1036.078125,749.274292,435.333649, Guid:2521690000c6060040d07740cd004120, 等级:120, 归属guid:00000000000000000000000000000000
[2018-08-07 18:19:14:731] -1033.213745, 813.911072, 435.329163
[2018-08-07 18:19:19:283] 退出脚本线程！
[2018-08-07 18:19:19:288] 等待脚本线程关闭
[2018-08-07 18:19:19:349] 监控线程已退出
[2018-08-07 18:19:19:383] 脚本线程已退出
[2018-08-07 18:19:19:483] 等待LUA线程关闭
[2018-08-07 18:19:19:486] 脚本线程已关闭
[2018-08-07 18:19:19:516] 脚本已停止
[2018-08-07 18:19:19:549] 退出登录线程！
[2018-08-07 18:20:49:438] 开始脚本
[2018-08-07 18:20:49:872] 做任务51448
[2018-08-07 18:20:56:062] false
[2018-08-07 18:20:56:078] Lua捕获异常
[2018-08-07 18:20:56:112] stack traceback:
	C:\Users\wz\Documents\WOWCONFIG\scripts\utils\exception.lua:5: in function 'my_traceback'
	C:\Users\wz\Documents\WOWCONFIG\scripts\utils\default.lua:194: in field 'Reset'
	...s\wz\Documents\WOWCONFIG\scripts\采集\沃顿采集路线一.lua:33: in function 'CheckQuest'
	...s\wz\Documents\WOWCONFIG\scripts\采集\沃顿采集路线一.lua:56: in function <...s\wz\Documents\WOWCONFIG\scripts\采集\沃顿采集路线一.lua:44>
	[C]: in function 'xpcall'
	C:\Users\wz\Documents\WOWCONFIG\scrip缂[F[2018-08-07 18:21:02:239] 脚本线程已退出
[2018-08-07 18:21:02:243] 监控线程已退出
[2018-08-07 18:21:04:039] 退出脚本线程！
[2018-08-07 18:21:04:073] 等待脚本线程关闭
[2018-08-07 18:21:04:079] 等待LUA线程关闭
[2018-08-07 18:21:04:106] 脚本线程已关闭
[2018-08-07 18:21:04:139] 脚本已停止
[2018-08-07 18:21:04:173] 退出登录线程！
[2018-08-07 18:23:14:464] 开始脚本
[2018-08-07 18:23:20:063] false
[2018-08-07 18:23:23:267] false
[2018-08-07 18:23:26:639] false
[2018-08-07 18:23:29:876] false
[2018-08-07 18:23:31:343] 退出脚本线程！
[2018-08-07 18:23:31:376] 等待脚本线程关闭
[2018-08-07 18:23:33:176] false
[2018-08-07 18:23:33:209] 脚本线程已退出
[2018-08-07 18:23:33:343] 监控线程已退出
[2018-08-07 18:23:33:378] 等待LUA线程关闭
[2018-08-07 18:23:33:389] 脚本线程已关闭
[2018-08-07 18:23:33:411] 脚本已停止
[2018-08-07 18:23:33:445] 退出登录线程！
[2018-08-07 18:23:59:167] 开始脚本
[2018-08-07 18:24:04:340] true
[2018-08-07 18:24:07:362] true
